{"timestamp":"2025-11-30 08:08:33","level":"info","message":"Module provider registered","context":{"module":"Civil"}}
{"timestamp":"2025-11-30 08:08:33","level":"info","message":"Module provider registered","context":{"module":"Electrical"}}
{"timestamp":"2025-11-30 08:08:33","level":"info","message":"Module provider registered","context":{"module":"Hvac"}}
{"timestamp":"2025-11-30 08:08:33","level":"warning","message":"plugin_entry_undefined","context":{"slug":"green-building-tools"}}
{"timestamp":"2025-11-30 08:08:37","level":"info","message":"Module provider registered","context":{"module":"Civil"}}
{"timestamp":"2025-11-30 08:08:37","level":"info","message":"Module provider registered","context":{"module":"Electrical"}}
{"timestamp":"2025-11-30 08:08:37","level":"info","message":"Module provider registered","context":{"module":"Hvac"}}
{"timestamp":"2025-11-30 08:08:37","level":"warning","message":"plugin_entry_undefined","context":{"slug":"green-building-tools"}}
{"timestamp":"2025-11-30 08:12:42","level":"info","message":"Module provider registered","context":{"module":"Civil"}}
{"timestamp":"2025-11-30 08:12:42","level":"info","message":"Module provider registered","context":{"module":"Electrical"}}
{"timestamp":"2025-11-30 08:12:42","level":"info","message":"Module provider registered","context":{"module":"Hvac"}}
{"timestamp":"2025-11-30 08:12:42","level":"warning","message":"plugin_entry_undefined","context":{"slug":"green-building-tools"}}
{"timestamp":"2025-11-30 08:12:44","level":"info","message":"Module provider registered","context":{"module":"Civil"}}
{"timestamp":"2025-11-30 08:12:44","level":"info","message":"Module provider registered","context":{"module":"Electrical"}}
{"timestamp":"2025-11-30 08:12:44","level":"info","message":"Module provider registered","context":{"module":"Hvac"}}
{"timestamp":"2025-11-30 08:12:44","level":"warning","message":"plugin_entry_undefined","context":{"slug":"green-building-tools"}}
{"timestamp":"2025-11-30 08:12:44","level":"info","message":"Module provider registered","context":{"module":"Civil"}}
{"timestamp":"2025-11-30 08:12:44","level":"info","message":"Module provider registered","context":{"module":"Electrical"}}
{"timestamp":"2025-11-30 08:12:44","level":"info","message":"Module provider registered","context":{"module":"Hvac"}}
{"timestamp":"2025-11-30 08:12:44","level":"warning","message":"plugin_entry_undefined","context":{"slug":"green-building-tools"}}
{"timestamp":"2025-11-30 08:13:03","level":"info","message":"Module provider registered","context":{"module":"Civil"}}
{"timestamp":"2025-11-30 08:13:03","level":"info","message":"Module provider registered","context":{"module":"Electrical"}}
{"timestamp":"2025-11-30 08:13:03","level":"info","message":"Module provider registered","context":{"module":"Hvac"}}
{"timestamp":"2025-11-30 08:13:03","level":"warning","message":"plugin_entry_undefined","context":{"slug":"green-building-tools"}}
{"timestamp":"2025-11-30 08:13:22","level":"info","message":"Module provider registered","context":{"module":"Civil"}}
{"timestamp":"2025-11-30 08:13:22","level":"info","message":"Module provider registered","context":{"module":"Electrical"}}
{"timestamp":"2025-11-30 08:13:22","level":"info","message":"Module provider registered","context":{"module":"Hvac"}}
{"timestamp":"2025-11-30 08:13:22","level":"warning","message":"plugin_entry_undefined","context":{"slug":"green-building-tools"}}
{"timestamp":"2025-11-30 08:13:37","level":"info","message":"Module provider registered","context":{"module":"Civil"}}
{"timestamp":"2025-11-30 08:13:37","level":"info","message":"Module provider registered","context":{"module":"Electrical"}}
{"timestamp":"2025-11-30 08:13:37","level":"info","message":"Module provider registered","context":{"module":"Hvac"}}
{"timestamp":"2025-11-30 08:13:37","level":"warning","message":"plugin_entry_undefined","context":{"slug":"green-building-tools"}}
{"timestamp":"2025-11-30 08:13:39","level":"info","message":"Module provider registered","context":{"module":"Civil"}}
{"timestamp":"2025-11-30 08:13:39","level":"info","message":"Module provider registered","context":{"module":"Electrical"}}
{"timestamp":"2025-11-30 08:13:39","level":"info","message":"Module provider registered","context":{"module":"Hvac"}}
{"timestamp":"2025-11-30 08:13:39","level":"warning","message":"plugin_entry_undefined","context":{"slug":"green-building-tools"}}
{"timestamp":"2025-11-30 08:13:59","level":"info","message":"Module provider registered","context":{"module":"Civil"}}
{"timestamp":"2025-11-30 08:13:59","level":"info","message":"Module provider registered","context":{"module":"Electrical"}}
{"timestamp":"2025-11-30 08:13:59","level":"info","message":"Module provider registered","context":{"module":"Hvac"}}
{"timestamp":"2025-11-30 08:13:59","level":"warning","message":"plugin_entry_undefined","context":{"slug":"green-building-tools"}}
{"timestamp":"2025-11-30 08:14:10","level":"info","message":"Module provider registered","context":{"module":"Civil"}}
{"timestamp":"2025-11-30 08:14:10","level":"info","message":"Module provider registered","context":{"module":"Electrical"}}
{"timestamp":"2025-11-30 08:14:10","level":"info","message":"Module provider registered","context":{"module":"Hvac"}}
{"timestamp":"2025-11-30 08:14:11","level":"warning","message":"plugin_entry_undefined","context":{"slug":"green-building-tools"}}
{"timestamp":"2025-11-30 08:14:12","level":"info","message":"Module provider registered","context":{"module":"Civil"}}
{"timestamp":"2025-11-30 08:14:12","level":"info","message":"Module provider registered","context":{"module":"Electrical"}}
{"timestamp":"2025-11-30 08:14:12","level":"info","message":"Module provider registered","context":{"module":"Hvac"}}
{"timestamp":"2025-11-30 08:14:12","level":"warning","message":"plugin_entry_undefined","context":{"slug":"green-building-tools"}}
{"timestamp":"2025-11-30 08:14:30","level":"info","message":"Module provider registered","context":{"module":"Civil"}}
{"timestamp":"2025-11-30 08:14:30","level":"info","message":"Module provider registered","context":{"module":"Electrical"}}
{"timestamp":"2025-11-30 08:14:30","level":"info","message":"Module provider registered","context":{"module":"Hvac"}}
{"timestamp":"2025-11-30 08:14:30","level":"warning","message":"plugin_entry_undefined","context":{"slug":"green-building-tools"}}
{"timestamp":"2025-11-30 08:59:36","level":"info","message":"Module provider registered","context":{"module":"Civil"}}
{"timestamp":"2025-11-30 08:59:36","level":"info","message":"Module provider registered","context":{"module":"Electrical"}}
{"timestamp":"2025-11-30 08:59:36","level":"info","message":"Module provider registered","context":{"module":"Hvac"}}
{"timestamp":"2025-11-30 08:59:36","level":"warning","message":"plugin_entry_undefined","context":{"slug":"green-building-tools"}}
{"timestamp":"2025-11-30 08:59:39","level":"info","message":"Module provider registered","context":{"module":"Civil"}}
{"timestamp":"2025-11-30 08:59:39","level":"info","message":"Module provider registered","context":{"module":"Electrical"}}
{"timestamp":"2025-11-30 08:59:39","level":"info","message":"Module provider registered","context":{"module":"Hvac"}}
{"timestamp":"2025-11-30 08:59:39","level":"warning","message":"plugin_entry_undefined","context":{"slug":"green-building-tools"}}
{"timestamp":"2025-11-30 09:08:37","level":"info","message":"Module provider registered","context":{"module":"Civil"}}
{"timestamp":"2025-11-30 09:08:37","level":"info","message":"Module provider registered","context":{"module":"Electrical"}}
{"timestamp":"2025-11-30 09:08:37","level":"info","message":"Module provider registered","context":{"module":"Hvac"}}
{"timestamp":"2025-11-30 09:08:37","level":"warning","message":"plugin_entry_undefined","context":{"slug":"green-building-tools"}}
{"timestamp":"2025-11-30 09:08:39","level":"info","message":"Module provider registered","context":{"module":"Civil"}}
{"timestamp":"2025-11-30 09:08:39","level":"info","message":"Module provider registered","context":{"module":"Electrical"}}
{"timestamp":"2025-11-30 09:08:39","level":"info","message":"Module provider registered","context":{"module":"Hvac"}}
{"timestamp":"2025-11-30 09:08:39","level":"warning","message":"plugin_entry_undefined","context":{"slug":"green-building-tools"}}
{"timestamp":"2025-11-30 09:08:41","level":"info","message":"Module provider registered","context":{"module":"Civil"}}
{"timestamp":"2025-11-30 09:08:41","level":"info","message":"Module provider registered","context":{"module":"Electrical"}}
{"timestamp":"2025-11-30 09:08:41","level":"info","message":"Module provider registered","context":{"module":"Hvac"}}
{"timestamp":"2025-11-30 09:08:41","level":"warning","message":"plugin_entry_undefined","context":{"slug":"green-building-tools"}}
{"timestamp":"2025-11-30 09:08:44","level":"info","message":"Module provider registered","context":{"module":"Civil"}}
{"timestamp":"2025-11-30 09:08:44","level":"info","message":"Module provider registered","context":{"module":"Electrical"}}
{"timestamp":"2025-11-30 09:08:44","level":"info","message":"Module provider registered","context":{"module":"Hvac"}}
{"timestamp":"2025-11-30 09:08:44","level":"warning","message":"plugin_entry_undefined","context":{"slug":"green-building-tools"}}
{"timestamp":"2025-11-30 09:08:58","level":"info","message":"Module provider registered","context":{"module":"Civil"}}
{"timestamp":"2025-11-30 09:08:58","level":"info","message":"Module provider registered","context":{"module":"Electrical"}}
{"timestamp":"2025-11-30 09:08:58","level":"info","message":"Module provider registered","context":{"module":"Hvac"}}
{"timestamp":"2025-11-30 09:08:58","level":"warning","message":"plugin_entry_undefined","context":{"slug":"green-building-tools"}}
{"timestamp":"2025-11-30 09:09:03","level":"info","message":"Module provider registered","context":{"module":"Civil"}}
{"timestamp":"2025-11-30 09:09:03","level":"info","message":"Module provider registered","context":{"module":"Electrical"}}
{"timestamp":"2025-11-30 09:09:03","level":"info","message":"Module provider registered","context":{"module":"Hvac"}}
{"timestamp":"2025-11-30 09:09:03","level":"warning","message":"plugin_entry_undefined","context":{"slug":"green-building-tools"}}
{"timestamp":"2025-11-30 09:09:07","level":"info","message":"Module provider registered","context":{"module":"Civil"}}
{"timestamp":"2025-11-30 09:09:07","level":"info","message":"Module provider registered","context":{"module":"Electrical"}}
{"timestamp":"2025-11-30 09:09:07","level":"info","message":"Module provider registered","context":{"module":"Hvac"}}
{"timestamp":"2025-11-30 09:09:07","level":"warning","message":"plugin_entry_undefined","context":{"slug":"green-building-tools"}}
{"timestamp":"2025-11-30 09:12:38","level":"info","message":"Module provider registered","context":{"module":"Civil"}}
{"timestamp":"2025-11-30 09:12:38","level":"info","message":"Module provider registered","context":{"module":"Electrical"}}
{"timestamp":"2025-11-30 09:12:38","level":"info","message":"Module provider registered","context":{"module":"Hvac"}}
{"timestamp":"2025-11-30 09:12:38","level":"warning","message":"plugin_entry_undefined","context":{"slug":"green-building-tools"}}
{"timestamp":"2025-11-30 09:12:42","level":"info","message":"Module provider registered","context":{"module":"Civil"}}
{"timestamp":"2025-11-30 09:12:42","level":"info","message":"Module provider registered","context":{"module":"Electrical"}}
{"timestamp":"2025-11-30 09:12:42","level":"info","message":"Module provider registered","context":{"module":"Hvac"}}
{"timestamp":"2025-11-30 09:12:42","level":"warning","message":"plugin_entry_undefined","context":{"slug":"green-building-tools"}}
{"timestamp":"2025-11-30 09:12:44","level":"info","message":"Module provider registered","context":{"module":"Civil"}}
{"timestamp":"2025-11-30 09:12:44","level":"info","message":"Module provider registered","context":{"module":"Electrical"}}
{"timestamp":"2025-11-30 09:12:44","level":"info","message":"Module provider registered","context":{"module":"Hvac"}}
{"timestamp":"2025-11-30 09:12:44","level":"warning","message":"plugin_entry_undefined","context":{"slug":"green-building-tools"}}
{"timestamp":"2025-11-30 09:12:48","level":"info","message":"Module provider registered","context":{"module":"Civil"}}
{"timestamp":"2025-11-30 09:12:48","level":"info","message":"Module provider registered","context":{"module":"Electrical"}}
{"timestamp":"2025-11-30 09:12:48","level":"info","message":"Module provider registered","context":{"module":"Hvac"}}
{"timestamp":"2025-11-30 09:12:48","level":"warning","message":"plugin_entry_undefined","context":{"slug":"green-building-tools"}}
{"timestamp":"2025-11-30 09:12:56","level":"info","message":"Module provider registered","context":{"module":"Civil"}}
{"timestamp":"2025-11-30 09:12:56","level":"info","message":"Module provider registered","context":{"module":"Electrical"}}
{"timestamp":"2025-11-30 09:12:56","level":"info","message":"Module provider registered","context":{"module":"Hvac"}}
{"timestamp":"2025-11-30 09:12:56","level":"warning","message":"plugin_entry_undefined","context":{"slug":"green-building-tools"}}
{"timestamp":"2025-11-30 09:12:58","level":"info","message":"Module provider registered","context":{"module":"Civil"}}
{"timestamp":"2025-11-30 09:12:58","level":"info","message":"Module provider registered","context":{"module":"Electrical"}}
{"timestamp":"2025-11-30 09:12:58","level":"info","message":"Module provider registered","context":{"module":"Hvac"}}
{"timestamp":"2025-11-30 09:12:58","level":"warning","message":"plugin_entry_undefined","context":{"slug":"green-building-tools"}}
{"timestamp":"2025-11-30 09:13:00","level":"info","message":"Module provider registered","context":{"module":"Civil"}}
{"timestamp":"2025-11-30 09:13:00","level":"info","message":"Module provider registered","context":{"module":"Electrical"}}
{"timestamp":"2025-11-30 09:13:00","level":"info","message":"Module provider registered","context":{"module":"Hvac"}}
{"timestamp":"2025-11-30 09:13:00","level":"warning","message":"plugin_entry_undefined","context":{"slug":"green-building-tools"}}
{"timestamp":"2025-11-30 09:20:05","level":"info","message":"Module provider registered","context":{"module":"Civil"}}
{"timestamp":"2025-11-30 09:20:05","level":"info","message":"Module provider registered","context":{"module":"Electrical"}}
{"timestamp":"2025-11-30 09:20:05","level":"info","message":"Module provider registered","context":{"module":"Hvac"}}
{"timestamp":"2025-11-30 09:20:05","level":"warning","message":"plugin_entry_undefined","context":{"slug":"green-building-tools"}}
{"timestamp":"2025-11-30 09:20:09","level":"info","message":"Module provider registered","context":{"module":"Civil"}}
{"timestamp":"2025-11-30 09:20:09","level":"info","message":"Module provider registered","context":{"module":"Electrical"}}
{"timestamp":"2025-11-30 09:20:09","level":"info","message":"Module provider registered","context":{"module":"Hvac"}}
{"timestamp":"2025-11-30 09:20:09","level":"warning","message":"plugin_entry_undefined","context":{"slug":"green-building-tools"}}
{"timestamp":"2025-11-30 09:20:12","level":"info","message":"Module provider registered","context":{"module":"Civil"}}
{"timestamp":"2025-11-30 09:20:12","level":"info","message":"Module provider registered","context":{"module":"Electrical"}}
{"timestamp":"2025-11-30 09:20:12","level":"info","message":"Module provider registered","context":{"module":"Hvac"}}
{"timestamp":"2025-11-30 09:20:12","level":"warning","message":"plugin_entry_undefined","context":{"slug":"green-building-tools"}}
{"timestamp":"2025-11-30 09:20:14","level":"info","message":"Module provider registered","context":{"module":"Civil"}}
{"timestamp":"2025-11-30 09:20:14","level":"info","message":"Module provider registered","context":{"module":"Electrical"}}
{"timestamp":"2025-11-30 09:20:14","level":"info","message":"Module provider registered","context":{"module":"Hvac"}}
{"timestamp":"2025-11-30 09:20:14","level":"warning","message":"plugin_entry_undefined","context":{"slug":"green-building-tools"}}
{"timestamp":"2025-11-30 09:20:16","level":"info","message":"Module provider registered","context":{"module":"Civil"}}
{"timestamp":"2025-11-30 09:20:16","level":"info","message":"Module provider registered","context":{"module":"Electrical"}}
{"timestamp":"2025-11-30 09:20:16","level":"info","message":"Module provider registered","context":{"module":"Hvac"}}
{"timestamp":"2025-11-30 09:20:16","level":"warning","message":"plugin_entry_undefined","context":{"slug":"green-building-tools"}}
{"timestamp":"2025-11-30 09:20:19","level":"info","message":"Module provider registered","context":{"module":"Civil"}}
{"timestamp":"2025-11-30 09:20:19","level":"info","message":"Module provider registered","context":{"module":"Electrical"}}
{"timestamp":"2025-11-30 09:20:19","level":"info","message":"Module provider registered","context":{"module":"Hvac"}}
{"timestamp":"2025-11-30 09:20:19","level":"warning","message":"plugin_entry_undefined","context":{"slug":"green-building-tools"}}
{"timestamp":"2025-11-30 09:20:22","level":"info","message":"Module provider registered","context":{"module":"Civil"}}
{"timestamp":"2025-11-30 09:20:22","level":"info","message":"Module provider registered","context":{"module":"Electrical"}}
{"timestamp":"2025-11-30 09:20:22","level":"info","message":"Module provider registered","context":{"module":"Hvac"}}
{"timestamp":"2025-11-30 09:20:22","level":"warning","message":"plugin_entry_undefined","context":{"slug":"green-building-tools"}}
{"timestamp":"2025-11-30 09:20:25","level":"info","message":"Module provider registered","context":{"module":"Civil"}}
{"timestamp":"2025-11-30 09:20:25","level":"info","message":"Module provider registered","context":{"module":"Electrical"}}
{"timestamp":"2025-11-30 09:20:25","level":"info","message":"Module provider registered","context":{"module":"Hvac"}}
{"timestamp":"2025-11-30 09:20:25","level":"warning","message":"plugin_entry_undefined","context":{"slug":"green-building-tools"}}
{"timestamp":"2025-11-30 09:20:27","level":"info","message":"Module provider registered","context":{"module":"Civil"}}
{"timestamp":"2025-11-30 09:20:27","level":"info","message":"Module provider registered","context":{"module":"Electrical"}}
{"timestamp":"2025-11-30 09:20:27","level":"info","message":"Module provider registered","context":{"module":"Hvac"}}
{"timestamp":"2025-11-30 09:20:27","level":"warning","message":"plugin_entry_undefined","context":{"slug":"green-building-tools"}}
{"timestamp":"2025-11-30 09:20:30","level":"info","message":"Module provider registered","context":{"module":"Civil"}}
{"timestamp":"2025-11-30 09:20:30","level":"info","message":"Module provider registered","context":{"module":"Electrical"}}
{"timestamp":"2025-11-30 09:20:30","level":"info","message":"Module provider registered","context":{"module":"Hvac"}}
{"timestamp":"2025-11-30 09:20:30","level":"warning","message":"plugin_entry_undefined","context":{"slug":"green-building-tools"}}
{"timestamp":"2025-11-30 09:20:33","level":"info","message":"Module provider registered","context":{"module":"Civil"}}
{"timestamp":"2025-11-30 09:20:33","level":"info","message":"Module provider registered","context":{"module":"Electrical"}}
{"timestamp":"2025-11-30 09:20:33","level":"info","message":"Module provider registered","context":{"module":"Hvac"}}
{"timestamp":"2025-11-30 09:20:33","level":"warning","message":"plugin_entry_undefined","context":{"slug":"green-building-tools"}}
{"timestamp":"2025-11-30 09:20:36","level":"info","message":"Module provider registered","context":{"module":"Civil"}}
{"timestamp":"2025-11-30 09:20:36","level":"info","message":"Module provider registered","context":{"module":"Electrical"}}
{"timestamp":"2025-11-30 09:20:36","level":"info","message":"Module provider registered","context":{"module":"Hvac"}}
{"timestamp":"2025-11-30 09:20:37","level":"warning","message":"plugin_entry_undefined","context":{"slug":"green-building-tools"}}
{"timestamp":"2025-11-30 09:20:37","level":"error","message":"The use statement with non-compound name 'PDO' has no effect","context":{"type":2,"file":"C:\\laragon\\www\\Bishwo_Calculator\\app\\Services\\PremiumThemeManager.php","line":4}}
{"timestamp":"2025-11-30 09:20:37","level":"error","message":"The use statement with non-compound name 'PDO' has no effect","context":{"type":2,"file":"C:\\laragon\\www\\Bishwo_Calculator\\app\\Services\\PremiumThemeManager.php","line":4}}
{"timestamp":"2025-11-30 09:20:40","level":"info","message":"Module provider registered","context":{"module":"Civil"}}
{"timestamp":"2025-11-30 09:20:40","level":"info","message":"Module provider registered","context":{"module":"Electrical"}}
{"timestamp":"2025-11-30 09:20:40","level":"info","message":"Module provider registered","context":{"module":"Hvac"}}
{"timestamp":"2025-11-30 09:20:40","level":"warning","message":"plugin_entry_undefined","context":{"slug":"green-building-tools"}}
