{"timestamp":"2025-11-21 00:42:56","level":"info","message":"Module provider registered","context":{"module":"Civil"}}
{"timestamp":"2025-11-21 00:42:56","level":"info","message":"Module provider registered","context":{"module":"Electrical"}}
{"timestamp":"2025-11-21 00:42:56","level":"info","message":"Module provider registered","context":{"module":"Hvac"}}
{"timestamp":"2025-11-21 00:42:56","level":"warning","message":"plugin_entry_undefined","context":{"slug":"green-building-tools"}}
{"timestamp":"2025-11-21 00:42:57","level":"info","message":"Module provider registered","context":{"module":"Civil"}}
{"timestamp":"2025-11-21 00:42:57","level":"info","message":"Module provider registered","context":{"module":"Electrical"}}
{"timestamp":"2025-11-21 00:42:57","level":"info","message":"Module provider registered","context":{"module":"Hvac"}}
{"timestamp":"2025-11-21 00:42:57","level":"warning","message":"plugin_entry_undefined","context":{"slug":"green-building-tools"}}
{"timestamp":"2025-11-21 00:43:21","level":"info","message":"Module provider registered","context":{"module":"Civil"}}
{"timestamp":"2025-11-21 00:43:21","level":"info","message":"Module provider registered","context":{"module":"Electrical"}}
{"timestamp":"2025-11-21 00:43:21","level":"info","message":"Module provider registered","context":{"module":"Hvac"}}
{"timestamp":"2025-11-21 00:43:21","level":"warning","message":"plugin_entry_undefined","context":{"slug":"green-building-tools"}}
{"timestamp":"2025-11-21 00:43:22","level":"info","message":"Module provider registered","context":{"module":"Civil"}}
{"timestamp":"2025-11-21 00:43:22","level":"info","message":"Module provider registered","context":{"module":"Electrical"}}
{"timestamp":"2025-11-21 00:43:22","level":"info","message":"Module provider registered","context":{"module":"Hvac"}}
{"timestamp":"2025-11-21 00:43:22","level":"warning","message":"plugin_entry_undefined","context":{"slug":"green-building-tools"}}
{"timestamp":"2025-11-21 00:43:25","level":"info","message":"Module provider registered","context":{"module":"Civil"}}
{"timestamp":"2025-11-21 00:43:25","level":"info","message":"Module provider registered","context":{"module":"Electrical"}}
{"timestamp":"2025-11-21 00:43:25","level":"info","message":"Module provider registered","context":{"module":"Hvac"}}
{"timestamp":"2025-11-21 00:43:25","level":"warning","message":"plugin_entry_undefined","context":{"slug":"green-building-tools"}}
{"timestamp":"2025-11-21 00:43:26","level":"info","message":"Module provider registered","context":{"module":"Civil"}}
{"timestamp":"2025-11-21 00:43:26","level":"info","message":"Module provider registered","context":{"module":"Electrical"}}
{"timestamp":"2025-11-21 00:43:26","level":"info","message":"Module provider registered","context":{"module":"Hvac"}}
{"timestamp":"2025-11-21 00:43:26","level":"warning","message":"plugin_entry_undefined","context":{"slug":"green-building-tools"}}
{"timestamp":"2025-11-21 00:43:31","level":"info","message":"Module provider registered","context":{"module":"Civil"}}
{"timestamp":"2025-11-21 00:43:31","level":"info","message":"Module provider registered","context":{"module":"Electrical"}}
{"timestamp":"2025-11-21 00:43:31","level":"info","message":"Module provider registered","context":{"module":"Hvac"}}
{"timestamp":"2025-11-21 00:43:31","level":"warning","message":"plugin_entry_undefined","context":{"slug":"green-building-tools"}}
{"timestamp":"2025-11-21 00:43:39","level":"info","message":"Module provider registered","context":{"module":"Civil"}}
{"timestamp":"2025-11-21 00:43:39","level":"info","message":"Module provider registered","context":{"module":"Electrical"}}
{"timestamp":"2025-11-21 00:43:39","level":"info","message":"Module provider registered","context":{"module":"Hvac"}}
{"timestamp":"2025-11-21 00:43:39","level":"warning","message":"plugin_entry_undefined","context":{"slug":"green-building-tools"}}
{"timestamp":"2025-11-21 00:43:43","level":"info","message":"Module provider registered","context":{"module":"Civil"}}
{"timestamp":"2025-11-21 00:43:43","level":"info","message":"Module provider registered","context":{"module":"Electrical"}}
{"timestamp":"2025-11-21 00:43:43","level":"info","message":"Module provider registered","context":{"module":"Hvac"}}
{"timestamp":"2025-11-21 00:43:43","level":"warning","message":"plugin_entry_undefined","context":{"slug":"green-building-tools"}}
{"timestamp":"2025-11-21 00:44:04","level":"info","message":"Module provider registered","context":{"module":"Civil"}}
{"timestamp":"2025-11-21 00:44:04","level":"info","message":"Module provider registered","context":{"module":"Electrical"}}
{"timestamp":"2025-11-21 00:44:04","level":"info","message":"Module provider registered","context":{"module":"Hvac"}}
{"timestamp":"2025-11-21 00:44:04","level":"warning","message":"plugin_entry_undefined","context":{"slug":"green-building-tools"}}
{"timestamp":"2025-11-21 00:44:06","level":"info","message":"Module provider registered","context":{"module":"Civil"}}
{"timestamp":"2025-11-21 00:44:06","level":"info","message":"Module provider registered","context":{"module":"Electrical"}}
{"timestamp":"2025-11-21 00:44:06","level":"info","message":"Module provider registered","context":{"module":"Hvac"}}
{"timestamp":"2025-11-21 00:44:06","level":"warning","message":"plugin_entry_undefined","context":{"slug":"green-building-tools"}}
{"timestamp":"2025-11-21 00:44:07","level":"info","message":"Module provider registered","context":{"module":"Civil"}}
{"timestamp":"2025-11-21 00:44:07","level":"info","message":"Module provider registered","context":{"module":"Electrical"}}
{"timestamp":"2025-11-21 00:44:07","level":"info","message":"Module provider registered","context":{"module":"Hvac"}}
{"timestamp":"2025-11-21 00:44:07","level":"warning","message":"plugin_entry_undefined","context":{"slug":"green-building-tools"}}
{"timestamp":"2025-11-21 00:44:10","level":"info","message":"Module provider registered","context":{"module":"Civil"}}
{"timestamp":"2025-11-21 00:44:10","level":"info","message":"Module provider registered","context":{"module":"Electrical"}}
{"timestamp":"2025-11-21 00:44:10","level":"info","message":"Module provider registered","context":{"module":"Hvac"}}
{"timestamp":"2025-11-21 00:44:10","level":"warning","message":"plugin_entry_undefined","context":{"slug":"green-building-tools"}}
{"timestamp":"2025-11-21 00:46:50","level":"info","message":"Module provider registered","context":{"module":"Civil"}}
{"timestamp":"2025-11-21 00:46:50","level":"info","message":"Module provider registered","context":{"module":"Electrical"}}
{"timestamp":"2025-11-21 00:46:50","level":"info","message":"Module provider registered","context":{"module":"Hvac"}}
{"timestamp":"2025-11-21 00:46:50","level":"warning","message":"plugin_entry_undefined","context":{"slug":"green-building-tools"}}
{"timestamp":"2025-11-21 01:16:05","level":"info","message":"Module provider registered","context":{"module":"Civil"}}
{"timestamp":"2025-11-21 01:16:05","level":"info","message":"Module provider registered","context":{"module":"Electrical"}}
{"timestamp":"2025-11-21 01:16:05","level":"info","message":"Module provider registered","context":{"module":"Hvac"}}
{"timestamp":"2025-11-21 01:16:05","level":"warning","message":"plugin_entry_undefined","context":{"slug":"green-building-tools"}}
{"timestamp":"2025-11-21 01:16:37","level":"info","message":"Module provider registered","context":{"module":"Civil"}}
{"timestamp":"2025-11-21 01:16:37","level":"info","message":"Module provider registered","context":{"module":"Electrical"}}
{"timestamp":"2025-11-21 01:16:37","level":"info","message":"Module provider registered","context":{"module":"Hvac"}}
{"timestamp":"2025-11-21 01:16:37","level":"warning","message":"plugin_entry_undefined","context":{"slug":"green-building-tools"}}
{"timestamp":"2025-11-21 01:16:39","level":"info","message":"Module provider registered","context":{"module":"Civil"}}
{"timestamp":"2025-11-21 01:16:39","level":"info","message":"Module provider registered","context":{"module":"Electrical"}}
{"timestamp":"2025-11-21 01:16:39","level":"info","message":"Module provider registered","context":{"module":"Hvac"}}
{"timestamp":"2025-11-21 01:16:39","level":"warning","message":"plugin_entry_undefined","context":{"slug":"green-building-tools"}}
{"timestamp":"2025-11-21 01:16:49","level":"info","message":"Module provider registered","context":{"module":"Civil"}}
{"timestamp":"2025-11-21 01:16:49","level":"info","message":"Module provider registered","context":{"module":"Electrical"}}
{"timestamp":"2025-11-21 01:16:49","level":"info","message":"Module provider registered","context":{"module":"Hvac"}}
{"timestamp":"2025-11-21 01:16:49","level":"warning","message":"plugin_entry_undefined","context":{"slug":"green-building-tools"}}
{"timestamp":"2025-11-21 01:18:14","level":"info","message":"Module provider registered","context":{"module":"Civil"}}
{"timestamp":"2025-11-21 01:18:14","level":"info","message":"Module provider registered","context":{"module":"Electrical"}}
{"timestamp":"2025-11-21 01:18:14","level":"info","message":"Module provider registered","context":{"module":"Hvac"}}
{"timestamp":"2025-11-21 01:18:14","level":"warning","message":"plugin_entry_undefined","context":{"slug":"green-building-tools"}}
{"timestamp":"2025-11-21 01:18:17","level":"info","message":"Module provider registered","context":{"module":"Civil"}}
{"timestamp":"2025-11-21 01:18:17","level":"info","message":"Module provider registered","context":{"module":"Electrical"}}
{"timestamp":"2025-11-21 01:18:17","level":"info","message":"Module provider registered","context":{"module":"Hvac"}}
{"timestamp":"2025-11-21 01:18:17","level":"warning","message":"plugin_entry_undefined","context":{"slug":"green-building-tools"}}
{"timestamp":"2025-11-21 01:18:19","level":"info","message":"Module provider registered","context":{"module":"Civil"}}
{"timestamp":"2025-11-21 01:18:19","level":"info","message":"Module provider registered","context":{"module":"Electrical"}}
{"timestamp":"2025-11-21 01:18:19","level":"info","message":"Module provider registered","context":{"module":"Hvac"}}
{"timestamp":"2025-11-21 01:18:19","level":"warning","message":"plugin_entry_undefined","context":{"slug":"green-building-tools"}}
{"timestamp":"2025-11-21 01:18:20","level":"info","message":"Module provider registered","context":{"module":"Civil"}}
{"timestamp":"2025-11-21 01:18:20","level":"info","message":"Module provider registered","context":{"module":"Electrical"}}
{"timestamp":"2025-11-21 01:18:20","level":"info","message":"Module provider registered","context":{"module":"Hvac"}}
{"timestamp":"2025-11-21 01:18:20","level":"warning","message":"plugin_entry_undefined","context":{"slug":"green-building-tools"}}
{"timestamp":"2025-11-21 01:18:22","level":"info","message":"Module provider registered","context":{"module":"Civil"}}
{"timestamp":"2025-11-21 01:18:22","level":"info","message":"Module provider registered","context":{"module":"Electrical"}}
{"timestamp":"2025-11-21 01:18:22","level":"info","message":"Module provider registered","context":{"module":"Hvac"}}
{"timestamp":"2025-11-21 01:18:22","level":"warning","message":"plugin_entry_undefined","context":{"slug":"green-building-tools"}}
{"timestamp":"2025-11-21 01:18:24","level":"info","message":"Module provider registered","context":{"module":"Civil"}}
{"timestamp":"2025-11-21 01:18:24","level":"info","message":"Module provider registered","context":{"module":"Electrical"}}
{"timestamp":"2025-11-21 01:18:24","level":"info","message":"Module provider registered","context":{"module":"Hvac"}}
{"timestamp":"2025-11-21 01:18:25","level":"warning","message":"plugin_entry_undefined","context":{"slug":"green-building-tools"}}
{"timestamp":"2025-11-21 01:18:48","level":"info","message":"Module provider registered","context":{"module":"Civil"}}
{"timestamp":"2025-11-21 01:18:48","level":"info","message":"Module provider registered","context":{"module":"Electrical"}}
{"timestamp":"2025-11-21 01:18:48","level":"info","message":"Module provider registered","context":{"module":"Hvac"}}
{"timestamp":"2025-11-21 01:18:48","level":"warning","message":"plugin_entry_undefined","context":{"slug":"green-building-tools"}}
{"timestamp":"2025-11-21 01:18:51","level":"info","message":"Module provider registered","context":{"module":"Civil"}}
{"timestamp":"2025-11-21 01:18:51","level":"info","message":"Module provider registered","context":{"module":"Electrical"}}
{"timestamp":"2025-11-21 01:18:51","level":"info","message":"Module provider registered","context":{"module":"Hvac"}}
{"timestamp":"2025-11-21 01:18:51","level":"warning","message":"plugin_entry_undefined","context":{"slug":"green-building-tools"}}
{"timestamp":"2025-11-21 02:45:23","level":"info","message":"Module provider registered","context":{"module":"Civil"}}
{"timestamp":"2025-11-21 02:45:23","level":"info","message":"Module provider registered","context":{"module":"Electrical"}}
{"timestamp":"2025-11-21 02:45:23","level":"info","message":"Module provider registered","context":{"module":"Hvac"}}
{"timestamp":"2025-11-21 02:45:23","level":"warning","message":"plugin_entry_undefined","context":{"slug":"green-building-tools"}}
{"timestamp":"2025-11-21 02:45:26","level":"info","message":"Module provider registered","context":{"module":"Civil"}}
{"timestamp":"2025-11-21 02:45:26","level":"info","message":"Module provider registered","context":{"module":"Electrical"}}
{"timestamp":"2025-11-21 02:45:26","level":"info","message":"Module provider registered","context":{"module":"Hvac"}}
{"timestamp":"2025-11-21 02:45:26","level":"warning","message":"plugin_entry_undefined","context":{"slug":"green-building-tools"}}
{"timestamp":"2025-11-21 03:27:11","level":"info","message":"Module provider registered","context":{"module":"Civil"}}
{"timestamp":"2025-11-21 03:27:11","level":"info","message":"Module provider registered","context":{"module":"Electrical"}}
{"timestamp":"2025-11-21 03:27:11","level":"info","message":"Module provider registered","context":{"module":"Hvac"}}
{"timestamp":"2025-11-21 03:27:12","level":"warning","message":"plugin_entry_undefined","context":{"slug":"green-building-tools"}}
{"timestamp":"2025-11-21 04:59:37","level":"info","message":"Module provider registered","context":{"module":"Civil"}}
{"timestamp":"2025-11-21 04:59:37","level":"info","message":"Module provider registered","context":{"module":"Electrical"}}
{"timestamp":"2025-11-21 04:59:37","level":"info","message":"Module provider registered","context":{"module":"Hvac"}}
{"timestamp":"2025-11-21 04:59:37","level":"warning","message":"plugin_entry_undefined","context":{"slug":"green-building-tools"}}
{"timestamp":"2025-11-21 04:59:49","level":"info","message":"Module provider registered","context":{"module":"Civil"}}
{"timestamp":"2025-11-21 04:59:49","level":"info","message":"Module provider registered","context":{"module":"Electrical"}}
{"timestamp":"2025-11-21 04:59:49","level":"info","message":"Module provider registered","context":{"module":"Hvac"}}
{"timestamp":"2025-11-21 04:59:49","level":"warning","message":"plugin_entry_undefined","context":{"slug":"green-building-tools"}}
{"timestamp":"2025-11-21 05:00:26","level":"info","message":"Module provider registered","context":{"module":"Civil"}}
{"timestamp":"2025-11-21 05:00:26","level":"info","message":"Module provider registered","context":{"module":"Electrical"}}
{"timestamp":"2025-11-21 05:00:26","level":"info","message":"Module provider registered","context":{"module":"Hvac"}}
{"timestamp":"2025-11-21 05:00:26","level":"warning","message":"plugin_entry_undefined","context":{"slug":"green-building-tools"}}
{"timestamp":"2025-11-21 05:00:34","level":"info","message":"Module provider registered","context":{"module":"Civil"}}
{"timestamp":"2025-11-21 05:00:34","level":"info","message":"Module provider registered","context":{"module":"Electrical"}}
{"timestamp":"2025-11-21 05:00:34","level":"info","message":"Module provider registered","context":{"module":"Hvac"}}
{"timestamp":"2025-11-21 05:00:35","level":"warning","message":"plugin_entry_undefined","context":{"slug":"green-building-tools"}}
{"timestamp":"2025-11-21 05:20:57","level":"info","message":"Module provider registered","context":{"module":"Civil"}}
{"timestamp":"2025-11-21 05:20:57","level":"info","message":"Module provider registered","context":{"module":"Electrical"}}
{"timestamp":"2025-11-21 05:20:57","level":"info","message":"Module provider registered","context":{"module":"Hvac"}}
{"timestamp":"2025-11-21 05:20:57","level":"warning","message":"plugin_entry_undefined","context":{"slug":"green-building-tools"}}
{"timestamp":"2025-11-21 05:32:13","level":"info","message":"Module provider registered","context":{"module":"Civil"}}
{"timestamp":"2025-11-21 05:32:13","level":"info","message":"Module provider registered","context":{"module":"Electrical"}}
{"timestamp":"2025-11-21 05:32:13","level":"info","message":"Module provider registered","context":{"module":"Hvac"}}
{"timestamp":"2025-11-21 05:32:13","level":"warning","message":"plugin_entry_undefined","context":{"slug":"green-building-tools"}}
{"timestamp":"2025-11-21 05:48:21","level":"info","message":"Module provider registered","context":{"module":"Civil"}}
{"timestamp":"2025-11-21 05:48:21","level":"info","message":"Module provider registered","context":{"module":"Electrical"}}
{"timestamp":"2025-11-21 05:48:21","level":"info","message":"Module provider registered","context":{"module":"Hvac"}}
{"timestamp":"2025-11-21 05:48:21","level":"warning","message":"plugin_entry_undefined","context":{"slug":"green-building-tools"}}
{"timestamp":"2025-11-21 05:48:24","level":"info","message":"Module provider registered","context":{"module":"Civil"}}
{"timestamp":"2025-11-21 05:48:24","level":"info","message":"Module provider registered","context":{"module":"Electrical"}}
{"timestamp":"2025-11-21 05:48:24","level":"info","message":"Module provider registered","context":{"module":"Hvac"}}
{"timestamp":"2025-11-21 05:48:24","level":"warning","message":"plugin_entry_undefined","context":{"slug":"green-building-tools"}}
{"timestamp":"2025-11-21 06:52:19","level":"info","message":"Module provider registered","context":{"module":"Civil"}}
{"timestamp":"2025-11-21 06:52:19","level":"info","message":"Module provider registered","context":{"module":"Electrical"}}
{"timestamp":"2025-11-21 06:52:20","level":"info","message":"Module provider registered","context":{"module":"Hvac"}}
{"timestamp":"2025-11-21 06:52:20","level":"warning","message":"plugin_entry_undefined","context":{"slug":"green-building-tools"}}
{"timestamp":"2025-11-21 06:52:23","level":"info","message":"Module provider registered","context":{"module":"Civil"}}
{"timestamp":"2025-11-21 06:52:23","level":"info","message":"Module provider registered","context":{"module":"Electrical"}}
{"timestamp":"2025-11-21 06:52:23","level":"info","message":"Module provider registered","context":{"module":"Hvac"}}
{"timestamp":"2025-11-21 06:52:23","level":"warning","message":"plugin_entry_undefined","context":{"slug":"green-building-tools"}}
{"timestamp":"2025-11-21 06:52:27","level":"info","message":"Module provider registered","context":{"module":"Civil"}}
{"timestamp":"2025-11-21 06:52:27","level":"info","message":"Module provider registered","context":{"module":"Electrical"}}
{"timestamp":"2025-11-21 06:52:27","level":"info","message":"Module provider registered","context":{"module":"Hvac"}}
{"timestamp":"2025-11-21 06:52:27","level":"warning","message":"plugin_entry_undefined","context":{"slug":"green-building-tools"}}
{"timestamp":"2025-11-21 06:52:28","level":"info","message":"Module provider registered","context":{"module":"Civil"}}
{"timestamp":"2025-11-21 06:52:28","level":"info","message":"Module provider registered","context":{"module":"Electrical"}}
{"timestamp":"2025-11-21 06:52:28","level":"info","message":"Module provider registered","context":{"module":"Hvac"}}
{"timestamp":"2025-11-21 06:52:28","level":"warning","message":"plugin_entry_undefined","context":{"slug":"green-building-tools"}}
{"timestamp":"2025-11-21 06:52:32","level":"info","message":"Module provider registered","context":{"module":"Civil"}}
{"timestamp":"2025-11-21 06:52:32","level":"info","message":"Module provider registered","context":{"module":"Electrical"}}
{"timestamp":"2025-11-21 06:52:32","level":"info","message":"Module provider registered","context":{"module":"Hvac"}}
{"timestamp":"2025-11-21 06:52:32","level":"warning","message":"plugin_entry_undefined","context":{"slug":"green-building-tools"}}
{"timestamp":"2025-11-21 06:52:33","level":"info","message":"Module provider registered","context":{"module":"Civil"}}
{"timestamp":"2025-11-21 06:52:33","level":"info","message":"Module provider registered","context":{"module":"Electrical"}}
{"timestamp":"2025-11-21 06:52:33","level":"info","message":"Module provider registered","context":{"module":"Hvac"}}
{"timestamp":"2025-11-21 06:52:33","level":"warning","message":"plugin_entry_undefined","context":{"slug":"green-building-tools"}}
{"timestamp":"2025-11-21 07:35:26","level":"info","message":"Module provider registered","context":{"module":"Civil"}}
{"timestamp":"2025-11-21 07:35:26","level":"info","message":"Module provider registered","context":{"module":"Electrical"}}
{"timestamp":"2025-11-21 07:35:26","level":"info","message":"Module provider registered","context":{"module":"Hvac"}}
{"timestamp":"2025-11-21 07:35:27","level":"warning","message":"plugin_entry_undefined","context":{"slug":"green-building-tools"}}
{"timestamp":"2025-11-21 07:35:30","level":"info","message":"Module provider registered","context":{"module":"Civil"}}
{"timestamp":"2025-11-21 07:35:30","level":"info","message":"Module provider registered","context":{"module":"Electrical"}}
{"timestamp":"2025-11-21 07:35:30","level":"info","message":"Module provider registered","context":{"module":"Hvac"}}
{"timestamp":"2025-11-21 07:35:30","level":"warning","message":"plugin_entry_undefined","context":{"slug":"green-building-tools"}}
{"timestamp":"2025-11-21 07:35:34","level":"info","message":"Module provider registered","context":{"module":"Civil"}}
{"timestamp":"2025-11-21 07:35:34","level":"info","message":"Module provider registered","context":{"module":"Electrical"}}
{"timestamp":"2025-11-21 07:35:34","level":"info","message":"Module provider registered","context":{"module":"Hvac"}}
{"timestamp":"2025-11-21 07:35:34","level":"warning","message":"plugin_entry_undefined","context":{"slug":"green-building-tools"}}
{"timestamp":"2025-11-21 07:35:34","level":"info","message":"Module provider registered","context":{"module":"Civil"}}
{"timestamp":"2025-11-21 07:35:34","level":"info","message":"Module provider registered","context":{"module":"Electrical"}}
{"timestamp":"2025-11-21 07:35:34","level":"info","message":"Module provider registered","context":{"module":"Hvac"}}
{"timestamp":"2025-11-21 07:35:34","level":"warning","message":"plugin_entry_undefined","context":{"slug":"green-building-tools"}}
{"timestamp":"2025-11-21 07:35:36","level":"info","message":"Module provider registered","context":{"module":"Civil"}}
{"timestamp":"2025-11-21 07:35:36","level":"info","message":"Module provider registered","context":{"module":"Electrical"}}
{"timestamp":"2025-11-21 07:35:36","level":"info","message":"Module provider registered","context":{"module":"Hvac"}}
{"timestamp":"2025-11-21 07:35:36","level":"warning","message":"plugin_entry_undefined","context":{"slug":"green-building-tools"}}
{"timestamp":"2025-11-21 07:35:37","level":"info","message":"Module provider registered","context":{"module":"Civil"}}
{"timestamp":"2025-11-21 07:35:37","level":"info","message":"Module provider registered","context":{"module":"Electrical"}}
{"timestamp":"2025-11-21 07:35:37","level":"info","message":"Module provider registered","context":{"module":"Hvac"}}
{"timestamp":"2025-11-21 07:35:37","level":"warning","message":"plugin_entry_undefined","context":{"slug":"green-building-tools"}}
{"timestamp":"2025-11-21 07:35:37","level":"error","message":"include(C:\\laragon\\www\\Bishwo_Calculator\\vendor\\composer/../../app/Controllers/Admin/DashboardController.php): Failed to open stream: No such file or directory","context":{"type":2,"file":"C:\\laragon\\www\\Bishwo_Calculator\\vendor\\composer\\ClassLoader.php","line":576}}
{"timestamp":"2025-11-21 07:35:37","level":"error","message":"include(): Failed opening 'C:\\laragon\\www\\Bishwo_Calculator\\vendor\\composer/../../app/Controllers/Admin/DashboardController.php' for inclusion (include_path='.;C:/laragon/etc/php/pear')","context":{"type":2,"file":"C:\\laragon\\www\\Bishwo_Calculator\\vendor\\composer\\ClassLoader.php","line":576}}
{"timestamp":"2025-11-21 07:35:37","level":"error","message":"http_response_code(): Cannot set response code - headers already sent (output started at C:\\laragon\\www\\Bishwo_Calculator\\vendor\\composer\\ClassLoader.php:576)","context":{"type":2,"file":"C:\\laragon\\www\\Bishwo_Calculator\\app\\Core\\Router.php","line":158}}
{"timestamp":"2025-11-21 07:38:01","level":"info","message":"Module provider registered","context":{"module":"Civil"}}
{"timestamp":"2025-11-21 07:38:01","level":"info","message":"Module provider registered","context":{"module":"Electrical"}}
{"timestamp":"2025-11-21 07:38:01","level":"info","message":"Module provider registered","context":{"module":"Hvac"}}
{"timestamp":"2025-11-21 07:38:01","level":"warning","message":"plugin_entry_undefined","context":{"slug":"green-building-tools"}}
{"timestamp":"2025-11-21 07:38:01","level":"error","message":"include(C:\\laragon\\www\\Bishwo_Calculator\\vendor\\composer/../../app/Controllers/Admin/DashboardController.php): Failed to open stream: No such file or directory","context":{"type":2,"file":"C:\\laragon\\www\\Bishwo_Calculator\\vendor\\composer\\ClassLoader.php","line":576}}
{"timestamp":"2025-11-21 07:38:01","level":"error","message":"include(): Failed opening 'C:\\laragon\\www\\Bishwo_Calculator\\vendor\\composer/../../app/Controllers/Admin/DashboardController.php' for inclusion (include_path='.;C:/laragon/etc/php/pear')","context":{"type":2,"file":"C:\\laragon\\www\\Bishwo_Calculator\\vendor\\composer\\ClassLoader.php","line":576}}
{"timestamp":"2025-11-21 07:38:01","level":"error","message":"http_response_code(): Cannot set response code - headers already sent (output started at C:\\laragon\\www\\Bishwo_Calculator\\vendor\\composer\\ClassLoader.php:576)","context":{"type":2,"file":"C:\\laragon\\www\\Bishwo_Calculator\\app\\Core\\Router.php","line":158}}
{"timestamp":"2025-11-21 07:44:10","level":"info","message":"Module provider registered","context":{"module":"Civil"}}
{"timestamp":"2025-11-21 07:44:10","level":"info","message":"Module provider registered","context":{"module":"Electrical"}}
{"timestamp":"2025-11-21 07:44:10","level":"info","message":"Module provider registered","context":{"module":"Hvac"}}
{"timestamp":"2025-11-21 07:44:10","level":"warning","message":"plugin_entry_undefined","context":{"slug":"green-building-tools"}}
{"timestamp":"2025-11-21 07:44:28","level":"info","message":"Module provider registered","context":{"module":"Civil"}}
{"timestamp":"2025-11-21 07:44:28","level":"info","message":"Module provider registered","context":{"module":"Electrical"}}
{"timestamp":"2025-11-21 07:44:28","level":"info","message":"Module provider registered","context":{"module":"Hvac"}}
{"timestamp":"2025-11-21 07:44:28","level":"warning","message":"plugin_entry_undefined","context":{"slug":"green-building-tools"}}
{"timestamp":"2025-11-21 07:44:44","level":"info","message":"Module provider registered","context":{"module":"Civil"}}
{"timestamp":"2025-11-21 07:44:44","level":"info","message":"Module provider registered","context":{"module":"Electrical"}}
{"timestamp":"2025-11-21 07:44:44","level":"info","message":"Module provider registered","context":{"module":"Hvac"}}
{"timestamp":"2025-11-21 07:44:44","level":"warning","message":"plugin_entry_undefined","context":{"slug":"green-building-tools"}}
{"timestamp":"2025-11-21 07:44:47","level":"info","message":"Module provider registered","context":{"module":"Civil"}}
{"timestamp":"2025-11-21 07:44:47","level":"info","message":"Module provider registered","context":{"module":"Electrical"}}
{"timestamp":"2025-11-21 07:44:47","level":"info","message":"Module provider registered","context":{"module":"Hvac"}}
{"timestamp":"2025-11-21 07:44:47","level":"warning","message":"plugin_entry_undefined","context":{"slug":"green-building-tools"}}
{"timestamp":"2025-11-21 07:44:55","level":"info","message":"Module provider registered","context":{"module":"Civil"}}
{"timestamp":"2025-11-21 07:44:55","level":"info","message":"Module provider registered","context":{"module":"Electrical"}}
{"timestamp":"2025-11-21 07:44:55","level":"info","message":"Module provider registered","context":{"module":"Hvac"}}
{"timestamp":"2025-11-21 07:44:55","level":"warning","message":"plugin_entry_undefined","context":{"slug":"green-building-tools"}}
{"timestamp":"2025-11-21 07:46:44","level":"info","message":"Module provider registered","context":{"module":"Civil"}}
{"timestamp":"2025-11-21 07:46:44","level":"info","message":"Module provider registered","context":{"module":"Electrical"}}
{"timestamp":"2025-11-21 07:46:44","level":"info","message":"Module provider registered","context":{"module":"Hvac"}}
{"timestamp":"2025-11-21 07:46:44","level":"warning","message":"plugin_entry_undefined","context":{"slug":"green-building-tools"}}
