{"timestamp":"2025-12-05 04:01:27","level":"error","message":"syntax error, unexpected token \"<<\"","context":{"file":"C:\\laragon\\www\\Bishwo_Calculator\\app\\Controllers\\Api\\AuthController.php","line":294,"code":0,"trace":[]}}
{"timestamp":"2025-12-05 04:01:56","level":"error","message":"syntax error, unexpected token \"<<\"","context":{"file":"C:\\laragon\\www\\Bishwo_Calculator\\app\\Controllers\\Api\\AuthController.php","line":294,"code":0,"trace":[]}}
{"timestamp":"2025-12-05 04:06:17","level":"error","message":"syntax error, unexpected token \"<<\"","context":{"file":"C:\\laragon\\www\\Bishwo_Calculator\\app\\Controllers\\Api\\AuthController.php","line":294,"code":0,"trace":[]}}
{"timestamp":"2025-12-05 04:08:03","level":"error","message":"syntax error, unexpected token \"<<\"","context":{"file":"C:\\laragon\\www\\Bishwo_Calculator\\app\\Controllers\\Api\\AuthController.php","line":294,"code":0,"trace":[]}}
{"timestamp":"2025-12-05 04:08:20","level":"error","message":"Cannot modify header information - headers already sent by (output started at C:\\laragon\\www\\Bishwo_Calculator\\test_runner.php:32)","context":{"type":2,"file":"C:\\laragon\\www\\Bishwo_Calculator\\app\\Controllers\\Api\\AuthController.php","line":18}}
{"timestamp":"2025-12-05 04:08:20","level":"error","message":"session_regenerate_id(): Session ID cannot be regenerated after headers have already been sent","context":{"type":2,"file":"C:\\laragon\\www\\Bishwo_Calculator\\app\\Controllers\\Api\\AuthController.php","line":113}}
{"timestamp":"2025-12-05 04:08:20","level":"error","message":"Cannot modify header information - headers already sent by (output started at C:\\laragon\\www\\Bishwo_Calculator\\test_runner.php:32)","context":{"type":2,"file":"C:\\laragon\\www\\Bishwo_Calculator\\app\\Controllers\\Api\\AuthController.php","line":117}}
{"timestamp":"2025-12-05 04:08:20","level":"error","message":"Cannot modify header information - headers already sent by (output started at C:\\laragon\\www\\Bishwo_Calculator\\test_runner.php:32)","context":{"type":2,"file":"C:\\laragon\\www\\Bishwo_Calculator\\app\\Controllers\\Api\\AuthController.php","line":18}}
{"timestamp":"2025-12-05 04:08:21","level":"error","message":"http_response_code(): Cannot set response code - headers already sent (output started at C:\\laragon\\www\\Bishwo_Calculator\\test_runner.php:32)","context":{"type":2,"file":"C:\\laragon\\www\\Bishwo_Calculator\\app\\Controllers\\Api\\AuthController.php","line":180}}
{"timestamp":"2025-12-05 04:08:21","level":"error","message":"Cannot modify header information - headers already sent by (output started at C:\\laragon\\www\\Bishwo_Calculator\\test_runner.php:32)","context":{"type":2,"file":"C:\\laragon\\www\\Bishwo_Calculator\\app\\Controllers\\Api\\AuthController.php","line":464}}
{"timestamp":"2025-12-05 04:08:21","level":"error","message":"http_response_code(): Cannot set response code - headers already sent (output started at C:\\laragon\\www\\Bishwo_Calculator\\test_runner.php:32)","context":{"type":2,"file":"C:\\laragon\\www\\Bishwo_Calculator\\app\\Controllers\\Api\\AuthController.php","line":492}}
{"timestamp":"2025-12-05 04:08:50","level":"error","message":"Cannot modify header information - headers already sent by (output started at C:\\laragon\\www\\Bishwo_Calculator\\test_runner.php:37)","context":{"type":2,"file":"C:\\laragon\\www\\Bishwo_Calculator\\app\\Controllers\\Api\\AuthController.php","line":18}}
{"timestamp":"2025-12-05 04:08:50","level":"error","message":"session_regenerate_id(): Session ID cannot be regenerated after headers have already been sent","context":{"type":2,"file":"C:\\laragon\\www\\Bishwo_Calculator\\app\\Controllers\\Api\\AuthController.php","line":113}}
{"timestamp":"2025-12-05 04:08:50","level":"error","message":"Cannot modify header information - headers already sent by (output started at C:\\laragon\\www\\Bishwo_Calculator\\test_runner.php:37)","context":{"type":2,"file":"C:\\laragon\\www\\Bishwo_Calculator\\app\\Controllers\\Api\\AuthController.php","line":117}}
{"timestamp":"2025-12-05 04:08:50","level":"error","message":"Cannot modify header information - headers already sent by (output started at C:\\laragon\\www\\Bishwo_Calculator\\test_runner.php:37)","context":{"type":2,"file":"C:\\laragon\\www\\Bishwo_Calculator\\app\\Controllers\\Api\\AuthController.php","line":18}}
{"timestamp":"2025-12-05 04:08:51","level":"error","message":"http_response_code(): Cannot set response code - headers already sent (output started at C:\\laragon\\www\\Bishwo_Calculator\\test_runner.php:37)","context":{"type":2,"file":"C:\\laragon\\www\\Bishwo_Calculator\\app\\Controllers\\Api\\AuthController.php","line":180}}
{"timestamp":"2025-12-05 04:08:51","level":"error","message":"Cannot modify header information - headers already sent by (output started at C:\\laragon\\www\\Bishwo_Calculator\\test_runner.php:37)","context":{"type":2,"file":"C:\\laragon\\www\\Bishwo_Calculator\\app\\Controllers\\Api\\AuthController.php","line":464}}
{"timestamp":"2025-12-05 04:09:06","level":"error","message":"Cannot modify header information - headers already sent by (output started at C:\\laragon\\www\\Bishwo_Calculator\\test_runner.php:37)","context":{"type":2,"file":"C:\\laragon\\www\\Bishwo_Calculator\\app\\Controllers\\Api\\AuthController.php","line":18}}
{"timestamp":"2025-12-05 04:09:06","level":"error","message":"session_regenerate_id(): Session ID cannot be regenerated after headers have already been sent","context":{"type":2,"file":"C:\\laragon\\www\\Bishwo_Calculator\\app\\Controllers\\Api\\AuthController.php","line":113}}
{"timestamp":"2025-12-05 04:09:06","level":"error","message":"Cannot modify header information - headers already sent by (output started at C:\\laragon\\www\\Bishwo_Calculator\\test_runner.php:37)","context":{"type":2,"file":"C:\\laragon\\www\\Bishwo_Calculator\\app\\Controllers\\Api\\AuthController.php","line":117}}
{"timestamp":"2025-12-05 04:09:06","level":"error","message":"Cannot modify header information - headers already sent by (output started at C:\\laragon\\www\\Bishwo_Calculator\\test_runner.php:37)","context":{"type":2,"file":"C:\\laragon\\www\\Bishwo_Calculator\\app\\Controllers\\Api\\AuthController.php","line":18}}
{"timestamp":"2025-12-05 04:09:06","level":"error","message":"http_response_code(): Cannot set response code - headers already sent (output started at C:\\laragon\\www\\Bishwo_Calculator\\test_runner.php:37)","context":{"type":2,"file":"C:\\laragon\\www\\Bishwo_Calculator\\app\\Controllers\\Api\\AuthController.php","line":180}}
{"timestamp":"2025-12-05 04:09:06","level":"error","message":"Cannot modify header information - headers already sent by (output started at C:\\laragon\\www\\Bishwo_Calculator\\test_runner.php:37)","context":{"type":2,"file":"C:\\laragon\\www\\Bishwo_Calculator\\app\\Controllers\\Api\\AuthController.php","line":464}}
{"timestamp":"2025-12-05 04:09:31","level":"error","message":"syntax error, unexpected token \"<<\", expecting end of file","context":{"file":"C:\\laragon\\www\\Bishwo_Calculator\\app\\routes.php","line":104,"code":0,"trace":[]}}
{"timestamp":"2025-12-05 04:11:24","level":"error","message":"syntax error, unexpected token \"<<\", expecting end of file","context":{"file":"C:\\laragon\\www\\Bishwo_Calculator\\app\\routes.php","line":104,"code":0,"trace":[{"file":"C:\\laragon\\www\\Bishwo_Calculator\\router.php","line":10,"function":"include"}]}}
{"timestamp":"2025-12-05 04:11:31","level":"error","message":"syntax error, unexpected token \"<<\", expecting end of file","context":{"file":"C:\\laragon\\www\\Bishwo_Calculator\\app\\routes.php","line":104,"code":0,"trace":[{"file":"C:\\laragon\\www\\Bishwo_Calculator\\router.php","line":10,"function":"include"}]}}
{"timestamp":"2025-12-05 04:11:43","level":"error","message":"syntax error, unexpected token \"<<\", expecting end of file","context":{"file":"C:\\laragon\\www\\Bishwo_Calculator\\app\\routes.php","line":104,"code":0,"trace":[{"file":"C:\\laragon\\www\\Bishwo_Calculator\\router.php","line":10,"function":"include"}]}}
{"timestamp":"2025-12-05 04:16:28","level":"info","message":"Module provider registered","context":{"module":"Civil"}}
{"timestamp":"2025-12-05 04:16:28","level":"info","message":"Module provider registered","context":{"module":"Electrical"}}
{"timestamp":"2025-12-05 04:16:28","level":"info","message":"Module provider registered","context":{"module":"Hvac"}}
{"timestamp":"2025-12-05 04:16:28","level":"warning","message":"plugin_entry_undefined","context":{"slug":"green-building-tools"}}
{"timestamp":"2025-12-05 04:16:36","level":"info","message":"Module provider registered","context":{"module":"Civil"}}
{"timestamp":"2025-12-05 04:16:36","level":"info","message":"Module provider registered","context":{"module":"Electrical"}}
{"timestamp":"2025-12-05 04:16:36","level":"info","message":"Module provider registered","context":{"module":"Hvac"}}
{"timestamp":"2025-12-05 04:16:36","level":"warning","message":"plugin_entry_undefined","context":{"slug":"green-building-tools"}}
{"timestamp":"2025-12-05 04:16:36","level":"error","message":"syntax error, unexpected token \"<<\"","context":{"file":"C:\\laragon\\www\\Bishwo_Calculator\\app\\Middleware\\CsrfMiddleware.php","line":33,"code":0,"trace":[{"file":"C:\\laragon\\www\\Bishwo_Calculator\\vendor\\composer\\ClassLoader.php","line":427,"function":"Composer\\Autoload\\{closure}","args":["C:\\laragon\\www\\Bishwo_Calculator\\vendor\\composer/../../app/Middleware/CsrfMiddleware.php"]},{"function":"loadClass","class":"Composer\\Autoload\\ClassLoader","type":"->","args":["App\\Middleware\\CsrfMiddleware"]},{"file":"C:\\laragon\\www\\Bishwo_Calculator\\app\\Core\\Router.php","line":124,"function":"class_exists","args":["\\App\\Middleware\\CsrfMiddleware"]},{"file":"C:\\laragon\\www\\Bishwo_Calculator\\app\\Core\\Router.php","line":65,"function":"callRoute","class":"App\\Core\\Router","type":"->","args":[{"method":"POST","uri":"/login","controller":"AuthController@login","middleware":["guest","security","cors","csrf"]},["/login"]]},{"file":"C:\\laragon\\www\\Bishwo_Calculator\\public\\index.php","line":29,"function":"dispatch","class":"App\\Core\\Router","type":"->","args":[]},{"file":"C:\\laragon\\www\\Bishwo_Calculator\\router.php","line":10,"args":["C:\\laragon\\www\\Bishwo_Calculator\\public\\index.php"],"function":"include"}]}}
{"timestamp":"2025-12-05 04:16:58","level":"info","message":"Module provider registered","context":{"module":"Civil"}}
{"timestamp":"2025-12-05 04:16:58","level":"info","message":"Module provider registered","context":{"module":"Electrical"}}
{"timestamp":"2025-12-05 04:16:58","level":"info","message":"Module provider registered","context":{"module":"Hvac"}}
{"timestamp":"2025-12-05 04:16:58","level":"warning","message":"plugin_entry_undefined","context":{"slug":"green-building-tools"}}
{"timestamp":"2025-12-05 04:16:58","level":"error","message":"syntax error, unexpected token \"<<\"","context":{"file":"C:\\laragon\\www\\Bishwo_Calculator\\app\\Middleware\\CsrfMiddleware.php","line":33,"code":0,"trace":[{"file":"C:\\laragon\\www\\Bishwo_Calculator\\vendor\\composer\\ClassLoader.php","line":427,"function":"Composer\\Autoload\\{closure}","args":["C:\\laragon\\www\\Bishwo_Calculator\\vendor\\composer/../../app/Middleware/CsrfMiddleware.php"]},{"function":"loadClass","class":"Composer\\Autoload\\ClassLoader","type":"->","args":["App\\Middleware\\CsrfMiddleware"]},{"file":"C:\\laragon\\www\\Bishwo_Calculator\\app\\Core\\Router.php","line":124,"function":"class_exists","args":["\\App\\Middleware\\CsrfMiddleware"]},{"file":"C:\\laragon\\www\\Bishwo_Calculator\\app\\Core\\Router.php","line":65,"function":"callRoute","class":"App\\Core\\Router","type":"->","args":[{"method":"POST","uri":"/login","controller":"AuthController@login","middleware":["guest","security","cors","csrf"]},["/login"]]},{"file":"C:\\laragon\\www\\Bishwo_Calculator\\public\\index.php","line":29,"function":"dispatch","class":"App\\Core\\Router","type":"->","args":[]},{"file":"C:\\laragon\\www\\Bishwo_Calculator\\router.php","line":10,"args":["C:\\laragon\\www\\Bishwo_Calculator\\public\\index.php"],"function":"include"}]}}
{"timestamp":"2025-12-05 04:21:07","level":"info","message":"Module provider registered","context":{"module":"Civil"}}
{"timestamp":"2025-12-05 04:21:07","level":"info","message":"Module provider registered","context":{"module":"Electrical"}}
{"timestamp":"2025-12-05 04:21:07","level":"info","message":"Module provider registered","context":{"module":"Hvac"}}
{"timestamp":"2025-12-05 04:21:07","level":"warning","message":"plugin_entry_undefined","context":{"slug":"green-building-tools"}}
{"timestamp":"2025-12-05 04:21:07","level":"error","message":"syntax error, unexpected token \"<<\"","context":{"file":"C:\\laragon\\www\\Bishwo_Calculator\\app\\Middleware\\CsrfMiddleware.php","line":33,"code":0,"trace":[{"file":"C:\\laragon\\www\\Bishwo_Calculator\\vendor\\composer\\ClassLoader.php","line":427,"function":"Composer\\Autoload\\{closure}","args":["C:\\laragon\\www\\Bishwo_Calculator\\vendor\\composer/../../app/Middleware/CsrfMiddleware.php"]},{"function":"loadClass","class":"Composer\\Autoload\\ClassLoader","type":"->","args":["App\\Middleware\\CsrfMiddleware"]},{"file":"C:\\laragon\\www\\Bishwo_Calculator\\app\\Core\\Router.php","line":124,"function":"class_exists","args":["\\App\\Middleware\\CsrfMiddleware"]},{"file":"C:\\laragon\\www\\Bishwo_Calculator\\app\\Core\\Router.php","line":65,"function":"callRoute","class":"App\\Core\\Router","type":"->","args":[{"method":"POST","uri":"/login","controller":"AuthController@login","middleware":["guest","security","cors","csrf"]},["/login"]]},{"file":"C:\\laragon\\www\\Bishwo_Calculator\\public\\index.php","line":29,"function":"dispatch","class":"App\\Core\\Router","type":"->","args":[]},{"file":"C:\\laragon\\www\\Bishwo_Calculator\\router.php","line":10,"args":["C:\\laragon\\www\\Bishwo_Calculator\\public\\index.php"],"function":"include"}]}}
{"timestamp":"2025-12-05 04:22:34","level":"error","message":"Cannot modify header information - headers already sent by (output started at C:\\laragon\\www\\Bishwo_Calculator\\api_test_simple.php:15)","context":{"type":2,"file":"C:\\laragon\\www\\Bishwo_Calculator\\app\\Controllers\\Api\\AuthController.php","line":18}}
{"timestamp":"2025-12-05 04:22:35","level":"error","message":"session_regenerate_id(): Session ID cannot be regenerated after headers have already been sent","context":{"type":2,"file":"C:\\laragon\\www\\Bishwo_Calculator\\app\\Controllers\\Api\\AuthController.php","line":113}}
{"timestamp":"2025-12-05 04:22:35","level":"error","message":"Cannot modify header information - headers already sent by (output started at C:\\laragon\\www\\Bishwo_Calculator\\api_test_simple.php:15)","context":{"type":2,"file":"C:\\laragon\\www\\Bishwo_Calculator\\app\\Controllers\\Api\\AuthController.php","line":117}}
{"timestamp":"2025-12-05 04:22:43","level":"info","message":"Module provider registered","context":{"module":"Civil"}}
{"timestamp":"2025-12-05 04:22:43","level":"info","message":"Module provider registered","context":{"module":"Electrical"}}
{"timestamp":"2025-12-05 04:22:43","level":"info","message":"Module provider registered","context":{"module":"Hvac"}}
{"timestamp":"2025-12-05 04:22:43","level":"warning","message":"plugin_entry_undefined","context":{"slug":"green-building-tools"}}
{"timestamp":"2025-12-05 04:22:43","level":"error","message":"syntax error, unexpected token \"<<\"","context":{"file":"C:\\laragon\\www\\Bishwo_Calculator\\app\\Middleware\\CsrfMiddleware.php","line":33,"code":0,"trace":[{"file":"C:\\laragon\\www\\Bishwo_Calculator\\vendor\\composer\\ClassLoader.php","line":427,"function":"Composer\\Autoload\\{closure}","args":["C:\\laragon\\www\\Bishwo_Calculator\\vendor\\composer/../../app/Middleware/CsrfMiddleware.php"]},{"function":"loadClass","class":"Composer\\Autoload\\ClassLoader","type":"->","args":["App\\Middleware\\CsrfMiddleware"]},{"file":"C:\\laragon\\www\\Bishwo_Calculator\\app\\Core\\Router.php","line":124,"function":"class_exists","args":["\\App\\Middleware\\CsrfMiddleware"]},{"file":"C:\\laragon\\www\\Bishwo_Calculator\\app\\Core\\Router.php","line":65,"function":"callRoute","class":"App\\Core\\Router","type":"->","args":[{"method":"POST","uri":"/login","controller":"AuthController@login","middleware":["guest","security","cors","csrf"]},["/login"]]},{"file":"C:\\laragon\\www\\Bishwo_Calculator\\public\\index.php","line":29,"function":"dispatch","class":"App\\Core\\Router","type":"->","args":[]},{"file":"C:\\laragon\\www\\Bishwo_Calculator\\router.php","line":10,"args":["C:\\laragon\\www\\Bishwo_Calculator\\public\\index.php"],"function":"include"}]}}
{"timestamp":"2025-12-05 04:25:47","level":"info","message":"Module provider registered","context":{"module":"Civil"}}
{"timestamp":"2025-12-05 04:25:47","level":"info","message":"Module provider registered","context":{"module":"Electrical"}}
{"timestamp":"2025-12-05 04:25:47","level":"info","message":"Module provider registered","context":{"module":"Hvac"}}
{"timestamp":"2025-12-05 04:25:47","level":"warning","message":"plugin_entry_undefined","context":{"slug":"green-building-tools"}}
{"timestamp":"2025-12-05 04:25:48","level":"info","message":"Module provider registered","context":{"module":"Civil"}}
{"timestamp":"2025-12-05 04:25:48","level":"info","message":"Module provider registered","context":{"module":"Electrical"}}
{"timestamp":"2025-12-05 04:25:48","level":"info","message":"Module provider registered","context":{"module":"Hvac"}}
{"timestamp":"2025-12-05 04:25:48","level":"warning","message":"plugin_entry_undefined","context":{"slug":"green-building-tools"}}
{"timestamp":"2025-12-05 04:25:48","level":"info","message":"Module provider registered","context":{"module":"Civil"}}
{"timestamp":"2025-12-05 04:25:48","level":"info","message":"Module provider registered","context":{"module":"Electrical"}}
{"timestamp":"2025-12-05 04:25:48","level":"info","message":"Module provider registered","context":{"module":"Hvac"}}
{"timestamp":"2025-12-05 04:25:48","level":"warning","message":"plugin_entry_undefined","context":{"slug":"green-building-tools"}}
{"timestamp":"2025-12-05 04:26:40","level":"info","message":"Module provider registered","context":{"module":"Civil"}}
{"timestamp":"2025-12-05 04:26:40","level":"info","message":"Module provider registered","context":{"module":"Electrical"}}
{"timestamp":"2025-12-05 04:26:40","level":"info","message":"Module provider registered","context":{"module":"Hvac"}}
{"timestamp":"2025-12-05 04:26:40","level":"warning","message":"plugin_entry_undefined","context":{"slug":"green-building-tools"}}
{"timestamp":"2025-12-05 04:26:41","level":"info","message":"Module provider registered","context":{"module":"Civil"}}
{"timestamp":"2025-12-05 04:26:41","level":"info","message":"Module provider registered","context":{"module":"Electrical"}}
{"timestamp":"2025-12-05 04:26:41","level":"info","message":"Module provider registered","context":{"module":"Hvac"}}
{"timestamp":"2025-12-05 04:26:41","level":"warning","message":"plugin_entry_undefined","context":{"slug":"green-building-tools"}}
{"timestamp":"2025-12-05 04:26:42","level":"info","message":"Module provider registered","context":{"module":"Civil"}}
{"timestamp":"2025-12-05 04:26:42","level":"info","message":"Module provider registered","context":{"module":"Electrical"}}
{"timestamp":"2025-12-05 04:26:42","level":"info","message":"Module provider registered","context":{"module":"Hvac"}}
{"timestamp":"2025-12-05 04:26:42","level":"warning","message":"plugin_entry_undefined","context":{"slug":"green-building-tools"}}
{"timestamp":"2025-12-05 04:26:43","level":"info","message":"Module provider registered","context":{"module":"Civil"}}
{"timestamp":"2025-12-05 04:26:43","level":"info","message":"Module provider registered","context":{"module":"Electrical"}}
{"timestamp":"2025-12-05 04:26:43","level":"info","message":"Module provider registered","context":{"module":"Hvac"}}
{"timestamp":"2025-12-05 04:26:43","level":"warning","message":"plugin_entry_undefined","context":{"slug":"green-building-tools"}}
{"timestamp":"2025-12-05 04:26:44","level":"info","message":"Module provider registered","context":{"module":"Civil"}}
{"timestamp":"2025-12-05 04:26:44","level":"info","message":"Module provider registered","context":{"module":"Electrical"}}
{"timestamp":"2025-12-05 04:26:44","level":"info","message":"Module provider registered","context":{"module":"Hvac"}}
{"timestamp":"2025-12-05 04:26:44","level":"warning","message":"plugin_entry_undefined","context":{"slug":"green-building-tools"}}
{"timestamp":"2025-12-05 04:26:46","level":"info","message":"Module provider registered","context":{"module":"Civil"}}
{"timestamp":"2025-12-05 04:26:46","level":"info","message":"Module provider registered","context":{"module":"Electrical"}}
{"timestamp":"2025-12-05 04:26:46","level":"info","message":"Module provider registered","context":{"module":"Hvac"}}
{"timestamp":"2025-12-05 04:26:46","level":"warning","message":"plugin_entry_undefined","context":{"slug":"green-building-tools"}}
{"timestamp":"2025-12-05 04:26:46","level":"error","message":"syntax error, unexpected token \"<<\"","context":{"file":"C:\\laragon\\www\\Bishwo_Calculator\\app\\Middleware\\AdminMiddleware.php","line":16,"code":0,"trace":[{"file":"C:\\laragon\\www\\Bishwo_Calculator\\vendor\\composer\\ClassLoader.php","line":427,"function":"Composer\\Autoload\\{closure}","args":["C:\\laragon\\www\\Bishwo_Calculator\\vendor\\composer/../../app/Middleware/AdminMiddleware.php"]},{"function":"loadClass","class":"Composer\\Autoload\\ClassLoader","type":"->","args":["App\\Middleware\\AdminMiddleware"]},{"file":"C:\\laragon\\www\\Bishwo_Calculator\\app\\Core\\Router.php","line":124,"function":"class_exists","args":["\\App\\Middleware\\AdminMiddleware"]},{"file":"C:\\laragon\\www\\Bishwo_Calculator\\app\\Core\\Router.php","line":65,"function":"callRoute","class":"App\\Core\\Router","type":"->","args":[{"method":"GET","uri":"/admin/dashboard","controller":"Admin\\DashboardController@index","middleware":["auth","admin","security","cors"]},["/admin/dashboard"]]},{"file":"C:\\laragon\\www\\Bishwo_Calculator\\public\\index.php","line":29,"function":"dispatch","class":"App\\Core\\Router","type":"->","args":[]}]}}
{"timestamp":"2025-12-05 04:26:59","level":"info","message":"Module provider registered","context":{"module":"Civil"}}
{"timestamp":"2025-12-05 04:26:59","level":"info","message":"Module provider registered","context":{"module":"Electrical"}}
{"timestamp":"2025-12-05 04:26:59","level":"info","message":"Module provider registered","context":{"module":"Hvac"}}
{"timestamp":"2025-12-05 04:26:59","level":"warning","message":"plugin_entry_undefined","context":{"slug":"green-building-tools"}}
{"timestamp":"2025-12-05 04:26:59","level":"error","message":"syntax error, unexpected token \"<<\"","context":{"file":"C:\\laragon\\www\\Bishwo_Calculator\\app\\Middleware\\AdminMiddleware.php","line":16,"code":0,"trace":[{"file":"C:\\laragon\\www\\Bishwo_Calculator\\vendor\\composer\\ClassLoader.php","line":427,"function":"Composer\\Autoload\\{closure}","args":["C:\\laragon\\www\\Bishwo_Calculator\\vendor\\composer/../../app/Middleware/AdminMiddleware.php"]},{"function":"loadClass","class":"Composer\\Autoload\\ClassLoader","type":"->","args":["App\\Middleware\\AdminMiddleware"]},{"file":"C:\\laragon\\www\\Bishwo_Calculator\\app\\Core\\Router.php","line":124,"function":"class_exists","args":["\\App\\Middleware\\AdminMiddleware"]},{"file":"C:\\laragon\\www\\Bishwo_Calculator\\app\\Core\\Router.php","line":65,"function":"callRoute","class":"App\\Core\\Router","type":"->","args":[{"method":"GET","uri":"/admin/users","controller":"Admin\\UserManagementController@index","middleware":["auth","admin","security","cors"]},["/admin/users"]]},{"file":"C:\\laragon\\www\\Bishwo_Calculator\\public\\index.php","line":29,"function":"dispatch","class":"App\\Core\\Router","type":"->","args":[]}]}}
{"timestamp":"2025-12-05 04:27:07","level":"info","message":"Module provider registered","context":{"module":"Civil"}}
{"timestamp":"2025-12-05 04:27:07","level":"info","message":"Module provider registered","context":{"module":"Electrical"}}
{"timestamp":"2025-12-05 04:27:07","level":"info","message":"Module provider registered","context":{"module":"Hvac"}}
{"timestamp":"2025-12-05 04:27:07","level":"warning","message":"plugin_entry_undefined","context":{"slug":"green-building-tools"}}
{"timestamp":"2025-12-05 04:27:07","level":"error","message":"syntax error, unexpected token \"<<\"","context":{"file":"C:\\laragon\\www\\Bishwo_Calculator\\app\\Middleware\\AdminMiddleware.php","line":16,"code":0,"trace":[{"file":"C:\\laragon\\www\\Bishwo_Calculator\\vendor\\composer\\ClassLoader.php","line":427,"function":"Composer\\Autoload\\{closure}","args":["C:\\laragon\\www\\Bishwo_Calculator\\vendor\\composer/../../app/Middleware/AdminMiddleware.php"]},{"function":"loadClass","class":"Composer\\Autoload\\ClassLoader","type":"->","args":["App\\Middleware\\AdminMiddleware"]},{"file":"C:\\laragon\\www\\Bishwo_Calculator\\app\\Core\\Router.php","line":124,"function":"class_exists","args":["\\App\\Middleware\\AdminMiddleware"]},{"file":"C:\\laragon\\www\\Bishwo_Calculator\\app\\Core\\Router.php","line":65,"function":"callRoute","class":"App\\Core\\Router","type":"->","args":[{"method":"GET","uri":"/admin/dashboard","controller":"Admin\\DashboardController@index","middleware":["auth","admin","security","cors"]},["/admin/dashboard"]]},{"file":"C:\\laragon\\www\\Bishwo_Calculator\\public\\index.php","line":29,"function":"dispatch","class":"App\\Core\\Router","type":"->","args":[]}]}}
{"timestamp":"2025-12-05 04:27:07","level":"info","message":"Module provider registered","context":{"module":"Civil"}}
{"timestamp":"2025-12-05 04:27:07","level":"info","message":"Module provider registered","context":{"module":"Electrical"}}
{"timestamp":"2025-12-05 04:27:07","level":"info","message":"Module provider registered","context":{"module":"Hvac"}}
{"timestamp":"2025-12-05 04:27:07","level":"warning","message":"plugin_entry_undefined","context":{"slug":"green-building-tools"}}
{"timestamp":"2025-12-05 04:27:08","level":"info","message":"Module provider registered","context":{"module":"Civil"}}
{"timestamp":"2025-12-05 04:27:08","level":"info","message":"Module provider registered","context":{"module":"Electrical"}}
{"timestamp":"2025-12-05 04:27:08","level":"info","message":"Module provider registered","context":{"module":"Hvac"}}
{"timestamp":"2025-12-05 04:27:08","level":"warning","message":"plugin_entry_undefined","context":{"slug":"green-building-tools"}}
{"timestamp":"2025-12-05 04:27:08","level":"info","message":"Module provider registered","context":{"module":"Civil"}}
{"timestamp":"2025-12-05 04:27:08","level":"info","message":"Module provider registered","context":{"module":"Electrical"}}
{"timestamp":"2025-12-05 04:27:08","level":"info","message":"Module provider registered","context":{"module":"Hvac"}}
{"timestamp":"2025-12-05 04:27:08","level":"warning","message":"plugin_entry_undefined","context":{"slug":"green-building-tools"}}
{"timestamp":"2025-12-05 04:27:13","level":"info","message":"Module provider registered","context":{"module":"Civil"}}
{"timestamp":"2025-12-05 04:27:13","level":"info","message":"Module provider registered","context":{"module":"Electrical"}}
{"timestamp":"2025-12-05 04:27:13","level":"info","message":"Module provider registered","context":{"module":"Hvac"}}
{"timestamp":"2025-12-05 04:27:13","level":"warning","message":"plugin_entry_undefined","context":{"slug":"green-building-tools"}}
{"timestamp":"2025-12-05 04:27:13","level":"error","message":"syntax error, unexpected token \"<<\"","context":{"file":"C:\\laragon\\www\\Bishwo_Calculator\\app\\Middleware\\AdminMiddleware.php","line":16,"code":0,"trace":[{"file":"C:\\laragon\\www\\Bishwo_Calculator\\vendor\\composer\\ClassLoader.php","line":427,"function":"Composer\\Autoload\\{closure}","args":["C:\\laragon\\www\\Bishwo_Calculator\\vendor\\composer/../../app/Middleware/AdminMiddleware.php"]},{"function":"loadClass","class":"Composer\\Autoload\\ClassLoader","type":"->","args":["App\\Middleware\\AdminMiddleware"]},{"file":"C:\\laragon\\www\\Bishwo_Calculator\\app\\Core\\Router.php","line":124,"function":"class_exists","args":["\\App\\Middleware\\AdminMiddleware"]},{"file":"C:\\laragon\\www\\Bishwo_Calculator\\app\\Core\\Router.php","line":65,"function":"callRoute","class":"App\\Core\\Router","type":"->","args":[{"method":"GET","uri":"/admin/dashboard","controller":"Admin\\DashboardController@index","middleware":["auth","admin","security","cors"]},["/admin/dashboard"]]},{"file":"C:\\laragon\\www\\Bishwo_Calculator\\public\\index.php","line":29,"function":"dispatch","class":"App\\Core\\Router","type":"->","args":[]}]}}
