{"timestamp":"2025-12-02 04:07:44","level":"info","message":"Module provider registered","context":{"module":"Civil"}}
{"timestamp":"2025-12-02 04:07:44","level":"info","message":"Module provider registered","context":{"module":"Electrical"}}
{"timestamp":"2025-12-02 04:07:44","level":"info","message":"Module provider registered","context":{"module":"Hvac"}}
{"timestamp":"2025-12-02 04:07:44","level":"warning","message":"plugin_entry_undefined","context":{"slug":"green-building-tools"}}
{"timestamp":"2025-12-02 04:07:46","level":"info","message":"Module provider registered","context":{"module":"Civil"}}
{"timestamp":"2025-12-02 04:07:46","level":"info","message":"Module provider registered","context":{"module":"Electrical"}}
{"timestamp":"2025-12-02 04:07:46","level":"info","message":"Module provider registered","context":{"module":"Hvac"}}
{"timestamp":"2025-12-02 04:07:46","level":"warning","message":"plugin_entry_undefined","context":{"slug":"green-building-tools"}}
{"timestamp":"2025-12-02 04:07:49","level":"info","message":"Module provider registered","context":{"module":"Civil"}}
{"timestamp":"2025-12-02 04:07:49","level":"info","message":"Module provider registered","context":{"module":"Electrical"}}
{"timestamp":"2025-12-02 04:07:49","level":"info","message":"Module provider registered","context":{"module":"Hvac"}}
{"timestamp":"2025-12-02 04:07:49","level":"warning","message":"plugin_entry_undefined","context":{"slug":"green-building-tools"}}
{"timestamp":"2025-12-02 04:07:50","level":"info","message":"Module provider registered","context":{"module":"Civil"}}
{"timestamp":"2025-12-02 04:07:50","level":"info","message":"Module provider registered","context":{"module":"Electrical"}}
{"timestamp":"2025-12-02 04:07:50","level":"info","message":"Module provider registered","context":{"module":"Hvac"}}
{"timestamp":"2025-12-02 04:07:50","level":"warning","message":"plugin_entry_undefined","context":{"slug":"green-building-tools"}}
{"timestamp":"2025-12-02 04:07:52","level":"info","message":"Module provider registered","context":{"module":"Civil"}}
{"timestamp":"2025-12-02 04:07:52","level":"info","message":"Module provider registered","context":{"module":"Electrical"}}
{"timestamp":"2025-12-02 04:07:52","level":"info","message":"Module provider registered","context":{"module":"Hvac"}}
{"timestamp":"2025-12-02 04:07:52","level":"warning","message":"plugin_entry_undefined","context":{"slug":"green-building-tools"}}
{"timestamp":"2025-12-02 04:07:54","level":"info","message":"Module provider registered","context":{"module":"Civil"}}
{"timestamp":"2025-12-02 04:07:54","level":"info","message":"Module provider registered","context":{"module":"Electrical"}}
{"timestamp":"2025-12-02 04:07:54","level":"info","message":"Module provider registered","context":{"module":"Hvac"}}
{"timestamp":"2025-12-02 04:07:54","level":"warning","message":"plugin_entry_undefined","context":{"slug":"green-building-tools"}}
{"timestamp":"2025-12-02 04:16:34","level":"info","message":"Module provider registered","context":{"module":"Civil"}}
{"timestamp":"2025-12-02 04:16:34","level":"info","message":"Module provider registered","context":{"module":"Electrical"}}
{"timestamp":"2025-12-02 04:16:34","level":"info","message":"Module provider registered","context":{"module":"Hvac"}}
{"timestamp":"2025-12-02 04:16:34","level":"warning","message":"plugin_entry_undefined","context":{"slug":"green-building-tools"}}
{"timestamp":"2025-12-02 04:17:00","level":"info","message":"Module provider registered","context":{"module":"Civil"}}
{"timestamp":"2025-12-02 04:17:00","level":"info","message":"Module provider registered","context":{"module":"Electrical"}}
{"timestamp":"2025-12-02 04:17:00","level":"info","message":"Module provider registered","context":{"module":"Hvac"}}
{"timestamp":"2025-12-02 04:17:00","level":"warning","message":"plugin_entry_undefined","context":{"slug":"green-building-tools"}}
{"timestamp":"2025-12-02 04:17:03","level":"info","message":"Module provider registered","context":{"module":"Civil"}}
{"timestamp":"2025-12-02 04:17:03","level":"info","message":"Module provider registered","context":{"module":"Electrical"}}
{"timestamp":"2025-12-02 04:17:03","level":"info","message":"Module provider registered","context":{"module":"Hvac"}}
{"timestamp":"2025-12-02 04:17:03","level":"warning","message":"plugin_entry_undefined","context":{"slug":"green-building-tools"}}
{"timestamp":"2025-12-02 04:17:03","level":"error","message":"Undefined array key \"id\"","context":{"type":2,"file":"C:\\laragon\\www\\Bishwo_Calculator\\themes\\admin\\views\\widget-management.php","line":98}}
{"timestamp":"2025-12-02 04:17:03","level":"error","message":"htmlspecialchars(): Passing null to parameter #1 ($string) of type string is deprecated","context":{"type":8192,"file":"C:\\laragon\\www\\Bishwo_Calculator\\themes\\admin\\views\\widget-management.php","line":98}}
{"timestamp":"2025-12-02 04:17:03","level":"error","message":"Undefined array key \"id\"","context":{"type":2,"file":"C:\\laragon\\www\\Bishwo_Calculator\\themes\\admin\\views\\widget-management.php","line":129}}
{"timestamp":"2025-12-02 04:17:03","level":"error","message":"htmlspecialchars(): Passing null to parameter #1 ($string) of type string is deprecated","context":{"type":8192,"file":"C:\\laragon\\www\\Bishwo_Calculator\\themes\\admin\\views\\widget-management.php","line":129}}
{"timestamp":"2025-12-02 04:17:03","level":"error","message":"Undefined array key \"id\"","context":{"type":2,"file":"C:\\laragon\\www\\Bishwo_Calculator\\themes\\admin\\views\\widget-management.php","line":133}}
{"timestamp":"2025-12-02 04:17:03","level":"error","message":"htmlspecialchars(): Passing null to parameter #1 ($string) of type string is deprecated","context":{"type":8192,"file":"C:\\laragon\\www\\Bishwo_Calculator\\themes\\admin\\views\\widget-management.php","line":133}}
{"timestamp":"2025-12-02 04:17:03","level":"error","message":"Undefined array key \"id\"","context":{"type":2,"file":"C:\\laragon\\www\\Bishwo_Calculator\\themes\\admin\\views\\widget-management.php","line":138}}
{"timestamp":"2025-12-02 04:17:03","level":"error","message":"htmlspecialchars(): Passing null to parameter #1 ($string) of type string is deprecated","context":{"type":8192,"file":"C:\\laragon\\www\\Bishwo_Calculator\\themes\\admin\\views\\widget-management.php","line":138}}
{"timestamp":"2025-12-02 04:17:03","level":"error","message":"Undefined array key \"id\"","context":{"type":2,"file":"C:\\laragon\\www\\Bishwo_Calculator\\themes\\admin\\views\\widget-management.php","line":141}}
{"timestamp":"2025-12-02 04:17:03","level":"error","message":"htmlspecialchars(): Passing null to parameter #1 ($string) of type string is deprecated","context":{"type":8192,"file":"C:\\laragon\\www\\Bishwo_Calculator\\themes\\admin\\views\\widget-management.php","line":141}}
{"timestamp":"2025-12-02 04:17:04","level":"error","message":"Undefined array key \"id\"","context":{"type":2,"file":"C:\\laragon\\www\\Bishwo_Calculator\\themes\\admin\\views\\widget-management.php","line":142}}
{"timestamp":"2025-12-02 04:17:04","level":"error","message":"htmlspecialchars(): Passing null to parameter #1 ($string) of type string is deprecated","context":{"type":8192,"file":"C:\\laragon\\www\\Bishwo_Calculator\\themes\\admin\\views\\widget-management.php","line":142}}
{"timestamp":"2025-12-02 04:17:04","level":"error","message":"Undefined array key \"id\"","context":{"type":2,"file":"C:\\laragon\\www\\Bishwo_Calculator\\themes\\admin\\views\\widget-management.php","line":145}}
{"timestamp":"2025-12-02 04:17:04","level":"error","message":"htmlspecialchars(): Passing null to parameter #1 ($string) of type string is deprecated","context":{"type":8192,"file":"C:\\laragon\\www\\Bishwo_Calculator\\themes\\admin\\views\\widget-management.php","line":145}}
{"timestamp":"2025-12-02 04:17:04","level":"error","message":"Undefined array key \"id\"","context":{"type":2,"file":"C:\\laragon\\www\\Bishwo_Calculator\\themes\\admin\\views\\widget-management.php","line":148}}
{"timestamp":"2025-12-02 04:17:04","level":"error","message":"htmlspecialchars(): Passing null to parameter #1 ($string) of type string is deprecated","context":{"type":8192,"file":"C:\\laragon\\www\\Bishwo_Calculator\\themes\\admin\\views\\widget-management.php","line":148}}
{"timestamp":"2025-12-02 04:17:04","level":"error","message":"Undefined array key \"id\"","context":{"type":2,"file":"C:\\laragon\\www\\Bishwo_Calculator\\themes\\admin\\views\\widget-management.php","line":152}}
{"timestamp":"2025-12-02 04:17:04","level":"error","message":"htmlspecialchars(): Passing null to parameter #1 ($string) of type string is deprecated","context":{"type":8192,"file":"C:\\laragon\\www\\Bishwo_Calculator\\themes\\admin\\views\\widget-management.php","line":152}}
{"timestamp":"2025-12-02 04:17:04","level":"error","message":"Undefined array key \"id\"","context":{"type":2,"file":"C:\\laragon\\www\\Bishwo_Calculator\\themes\\admin\\views\\widget-management.php","line":98}}
{"timestamp":"2025-12-02 04:17:04","level":"error","message":"htmlspecialchars(): Passing null to parameter #1 ($string) of type string is deprecated","context":{"type":8192,"file":"C:\\laragon\\www\\Bishwo_Calculator\\themes\\admin\\views\\widget-management.php","line":98}}
{"timestamp":"2025-12-02 04:17:04","level":"error","message":"Undefined array key \"id\"","context":{"type":2,"file":"C:\\laragon\\www\\Bishwo_Calculator\\themes\\admin\\views\\widget-management.php","line":129}}
{"timestamp":"2025-12-02 04:17:04","level":"error","message":"htmlspecialchars(): Passing null to parameter #1 ($string) of type string is deprecated","context":{"type":8192,"file":"C:\\laragon\\www\\Bishwo_Calculator\\themes\\admin\\views\\widget-management.php","line":129}}
{"timestamp":"2025-12-02 04:17:04","level":"error","message":"Undefined array key \"id\"","context":{"type":2,"file":"C:\\laragon\\www\\Bishwo_Calculator\\themes\\admin\\views\\widget-management.php","line":133}}
{"timestamp":"2025-12-02 04:17:04","level":"error","message":"htmlspecialchars(): Passing null to parameter #1 ($string) of type string is deprecated","context":{"type":8192,"file":"C:\\laragon\\www\\Bishwo_Calculator\\themes\\admin\\views\\widget-management.php","line":133}}
{"timestamp":"2025-12-02 04:17:04","level":"error","message":"Undefined array key \"id\"","context":{"type":2,"file":"C:\\laragon\\www\\Bishwo_Calculator\\themes\\admin\\views\\widget-management.php","line":138}}
{"timestamp":"2025-12-02 04:17:04","level":"error","message":"htmlspecialchars(): Passing null to parameter #1 ($string) of type string is deprecated","context":{"type":8192,"file":"C:\\laragon\\www\\Bishwo_Calculator\\themes\\admin\\views\\widget-management.php","line":138}}
{"timestamp":"2025-12-02 04:17:04","level":"error","message":"Undefined array key \"id\"","context":{"type":2,"file":"C:\\laragon\\www\\Bishwo_Calculator\\themes\\admin\\views\\widget-management.php","line":141}}
{"timestamp":"2025-12-02 04:17:04","level":"error","message":"htmlspecialchars(): Passing null to parameter #1 ($string) of type string is deprecated","context":{"type":8192,"file":"C:\\laragon\\www\\Bishwo_Calculator\\themes\\admin\\views\\widget-management.php","line":141}}
{"timestamp":"2025-12-02 04:17:04","level":"error","message":"Undefined array key \"id\"","context":{"type":2,"file":"C:\\laragon\\www\\Bishwo_Calculator\\themes\\admin\\views\\widget-management.php","line":142}}
{"timestamp":"2025-12-02 04:17:04","level":"error","message":"htmlspecialchars(): Passing null to parameter #1 ($string) of type string is deprecated","context":{"type":8192,"file":"C:\\laragon\\www\\Bishwo_Calculator\\themes\\admin\\views\\widget-management.php","line":142}}
{"timestamp":"2025-12-02 04:17:04","level":"error","message":"Undefined array key \"id\"","context":{"type":2,"file":"C:\\laragon\\www\\Bishwo_Calculator\\themes\\admin\\views\\widget-management.php","line":145}}
{"timestamp":"2025-12-02 04:17:04","level":"error","message":"htmlspecialchars(): Passing null to parameter #1 ($string) of type string is deprecated","context":{"type":8192,"file":"C:\\laragon\\www\\Bishwo_Calculator\\themes\\admin\\views\\widget-management.php","line":145}}
{"timestamp":"2025-12-02 04:17:04","level":"error","message":"Undefined array key \"id\"","context":{"type":2,"file":"C:\\laragon\\www\\Bishwo_Calculator\\themes\\admin\\views\\widget-management.php","line":148}}
{"timestamp":"2025-12-02 04:17:04","level":"error","message":"htmlspecialchars(): Passing null to parameter #1 ($string) of type string is deprecated","context":{"type":8192,"file":"C:\\laragon\\www\\Bishwo_Calculator\\themes\\admin\\views\\widget-management.php","line":148}}
{"timestamp":"2025-12-02 04:17:04","level":"error","message":"Undefined array key \"id\"","context":{"type":2,"file":"C:\\laragon\\www\\Bishwo_Calculator\\themes\\admin\\views\\widget-management.php","line":152}}
{"timestamp":"2025-12-02 04:17:04","level":"error","message":"htmlspecialchars(): Passing null to parameter #1 ($string) of type string is deprecated","context":{"type":8192,"file":"C:\\laragon\\www\\Bishwo_Calculator\\themes\\admin\\views\\widget-management.php","line":152}}
{"timestamp":"2025-12-02 04:17:11","level":"info","message":"Module provider registered","context":{"module":"Civil"}}
{"timestamp":"2025-12-02 04:17:11","level":"info","message":"Module provider registered","context":{"module":"Electrical"}}
{"timestamp":"2025-12-02 04:17:11","level":"info","message":"Module provider registered","context":{"module":"Hvac"}}
{"timestamp":"2025-12-02 04:17:11","level":"warning","message":"plugin_entry_undefined","context":{"slug":"green-building-tools"}}
{"timestamp":"2025-12-02 04:17:15","level":"info","message":"Module provider registered","context":{"module":"Civil"}}
{"timestamp":"2025-12-02 04:17:15","level":"info","message":"Module provider registered","context":{"module":"Electrical"}}
{"timestamp":"2025-12-02 04:17:15","level":"info","message":"Module provider registered","context":{"module":"Hvac"}}
{"timestamp":"2025-12-02 04:17:15","level":"warning","message":"plugin_entry_undefined","context":{"slug":"green-building-tools"}}
{"timestamp":"2025-12-02 04:17:17","level":"info","message":"Module provider registered","context":{"module":"Civil"}}
{"timestamp":"2025-12-02 04:17:17","level":"info","message":"Module provider registered","context":{"module":"Electrical"}}
{"timestamp":"2025-12-02 04:17:17","level":"info","message":"Module provider registered","context":{"module":"Hvac"}}
{"timestamp":"2025-12-02 04:17:17","level":"warning","message":"plugin_entry_undefined","context":{"slug":"green-building-tools"}}
{"timestamp":"2025-12-02 04:17:48","level":"info","message":"Module provider registered","context":{"module":"Civil"}}
{"timestamp":"2025-12-02 04:17:48","level":"info","message":"Module provider registered","context":{"module":"Electrical"}}
{"timestamp":"2025-12-02 04:17:48","level":"info","message":"Module provider registered","context":{"module":"Hvac"}}
{"timestamp":"2025-12-02 04:17:48","level":"warning","message":"plugin_entry_undefined","context":{"slug":"green-building-tools"}}
{"timestamp":"2025-12-02 04:20:53","level":"info","message":"Module provider registered","context":{"module":"Civil"}}
{"timestamp":"2025-12-02 04:20:53","level":"info","message":"Module provider registered","context":{"module":"Electrical"}}
{"timestamp":"2025-12-02 04:20:53","level":"info","message":"Module provider registered","context":{"module":"Hvac"}}
{"timestamp":"2025-12-02 04:20:53","level":"warning","message":"plugin_entry_undefined","context":{"slug":"green-building-tools"}}
{"timestamp":"2025-12-02 04:21:09","level":"info","message":"Module provider registered","context":{"module":"Civil"}}
{"timestamp":"2025-12-02 04:21:09","level":"info","message":"Module provider registered","context":{"module":"Electrical"}}
{"timestamp":"2025-12-02 04:21:09","level":"info","message":"Module provider registered","context":{"module":"Hvac"}}
{"timestamp":"2025-12-02 04:21:09","level":"warning","message":"plugin_entry_undefined","context":{"slug":"green-building-tools"}}
{"timestamp":"2025-12-02 04:23:55","level":"info","message":"Module provider registered","context":{"module":"Civil"}}
{"timestamp":"2025-12-02 04:23:55","level":"info","message":"Module provider registered","context":{"module":"Electrical"}}
{"timestamp":"2025-12-02 04:23:55","level":"info","message":"Module provider registered","context":{"module":"Hvac"}}
{"timestamp":"2025-12-02 04:23:55","level":"warning","message":"plugin_entry_undefined","context":{"slug":"green-building-tools"}}
{"timestamp":"2025-12-02 04:23:58","level":"info","message":"Module provider registered","context":{"module":"Civil"}}
{"timestamp":"2025-12-02 04:23:58","level":"info","message":"Module provider registered","context":{"module":"Electrical"}}
{"timestamp":"2025-12-02 04:23:58","level":"info","message":"Module provider registered","context":{"module":"Hvac"}}
{"timestamp":"2025-12-02 04:23:58","level":"warning","message":"plugin_entry_undefined","context":{"slug":"green-building-tools"}}
{"timestamp":"2025-12-02 04:23:59","level":"info","message":"Module provider registered","context":{"module":"Civil"}}
{"timestamp":"2025-12-02 04:23:59","level":"info","message":"Module provider registered","context":{"module":"Electrical"}}
{"timestamp":"2025-12-02 04:23:59","level":"info","message":"Module provider registered","context":{"module":"Hvac"}}
{"timestamp":"2025-12-02 04:23:59","level":"warning","message":"plugin_entry_undefined","context":{"slug":"green-building-tools"}}
{"timestamp":"2025-12-02 04:24:01","level":"info","message":"Module provider registered","context":{"module":"Civil"}}
{"timestamp":"2025-12-02 04:24:01","level":"info","message":"Module provider registered","context":{"module":"Electrical"}}
{"timestamp":"2025-12-02 04:24:01","level":"info","message":"Module provider registered","context":{"module":"Hvac"}}
{"timestamp":"2025-12-02 04:24:01","level":"warning","message":"plugin_entry_undefined","context":{"slug":"green-building-tools"}}
{"timestamp":"2025-12-02 04:24:04","level":"info","message":"Module provider registered","context":{"module":"Civil"}}
{"timestamp":"2025-12-02 04:24:04","level":"info","message":"Module provider registered","context":{"module":"Electrical"}}
{"timestamp":"2025-12-02 04:24:04","level":"info","message":"Module provider registered","context":{"module":"Hvac"}}
{"timestamp":"2025-12-02 04:24:04","level":"warning","message":"plugin_entry_undefined","context":{"slug":"green-building-tools"}}
{"timestamp":"2025-12-02 04:24:05","level":"info","message":"Module provider registered","context":{"module":"Civil"}}
{"timestamp":"2025-12-02 04:24:05","level":"info","message":"Module provider registered","context":{"module":"Electrical"}}
{"timestamp":"2025-12-02 04:24:05","level":"info","message":"Module provider registered","context":{"module":"Hvac"}}
{"timestamp":"2025-12-02 04:24:05","level":"warning","message":"plugin_entry_undefined","context":{"slug":"green-building-tools"}}
{"timestamp":"2025-12-02 12:06:14","level":"info","message":"Module provider registered","context":{"module":"Civil"}}
{"timestamp":"2025-12-02 12:06:14","level":"info","message":"Module provider registered","context":{"module":"Electrical"}}
{"timestamp":"2025-12-02 12:06:14","level":"info","message":"Module provider registered","context":{"module":"Hvac"}}
{"timestamp":"2025-12-02 12:06:14","level":"warning","message":"plugin_entry_undefined","context":{"slug":"green-building-tools"}}
{"timestamp":"2025-12-02 12:06:18","level":"info","message":"Module provider registered","context":{"module":"Civil"}}
{"timestamp":"2025-12-02 12:06:18","level":"info","message":"Module provider registered","context":{"module":"Electrical"}}
{"timestamp":"2025-12-02 12:06:18","level":"info","message":"Module provider registered","context":{"module":"Hvac"}}
{"timestamp":"2025-12-02 12:06:18","level":"warning","message":"plugin_entry_undefined","context":{"slug":"green-building-tools"}}
{"timestamp":"2025-12-02 12:06:22","level":"info","message":"Module provider registered","context":{"module":"Civil"}}
{"timestamp":"2025-12-02 12:06:22","level":"info","message":"Module provider registered","context":{"module":"Electrical"}}
{"timestamp":"2025-12-02 12:06:22","level":"info","message":"Module provider registered","context":{"module":"Hvac"}}
{"timestamp":"2025-12-02 12:06:22","level":"warning","message":"plugin_entry_undefined","context":{"slug":"green-building-tools"}}
{"timestamp":"2025-12-02 12:06:25","level":"info","message":"Module provider registered","context":{"module":"Civil"}}
{"timestamp":"2025-12-02 12:06:25","level":"info","message":"Module provider registered","context":{"module":"Electrical"}}
{"timestamp":"2025-12-02 12:06:25","level":"info","message":"Module provider registered","context":{"module":"Hvac"}}
{"timestamp":"2025-12-02 12:06:25","level":"warning","message":"plugin_entry_undefined","context":{"slug":"green-building-tools"}}
{"timestamp":"2025-12-02 12:19:18","level":"info","message":"Module provider registered","context":{"module":"Civil"}}
{"timestamp":"2025-12-02 12:19:18","level":"info","message":"Module provider registered","context":{"module":"Electrical"}}
{"timestamp":"2025-12-02 12:19:18","level":"info","message":"Module provider registered","context":{"module":"Hvac"}}
{"timestamp":"2025-12-02 12:19:18","level":"warning","message":"plugin_entry_undefined","context":{"slug":"green-building-tools"}}
{"timestamp":"2025-12-02 12:25:40","level":"info","message":"Module provider registered","context":{"module":"Civil"}}
{"timestamp":"2025-12-02 12:25:40","level":"info","message":"Module provider registered","context":{"module":"Electrical"}}
{"timestamp":"2025-12-02 12:25:40","level":"info","message":"Module provider registered","context":{"module":"Hvac"}}
{"timestamp":"2025-12-02 12:25:40","level":"warning","message":"plugin_entry_undefined","context":{"slug":"green-building-tools"}}
{"timestamp":"2025-12-02 12:36:48","level":"info","message":"Module provider registered","context":{"module":"Civil"}}
{"timestamp":"2025-12-02 12:36:48","level":"info","message":"Module provider registered","context":{"module":"Electrical"}}
{"timestamp":"2025-12-02 12:36:48","level":"info","message":"Module provider registered","context":{"module":"Hvac"}}
{"timestamp":"2025-12-02 12:36:48","level":"warning","message":"plugin_entry_undefined","context":{"slug":"green-building-tools"}}
{"timestamp":"2025-12-02 12:52:44","level":"info","message":"Module provider registered","context":{"module":"Civil"}}
{"timestamp":"2025-12-02 12:52:44","level":"info","message":"Module provider registered","context":{"module":"Electrical"}}
{"timestamp":"2025-12-02 12:52:44","level":"info","message":"Module provider registered","context":{"module":"Hvac"}}
{"timestamp":"2025-12-02 12:52:44","level":"warning","message":"plugin_entry_undefined","context":{"slug":"green-building-tools"}}
{"timestamp":"2025-12-02 12:52:51","level":"info","message":"Module provider registered","context":{"module":"Civil"}}
{"timestamp":"2025-12-02 12:52:51","level":"info","message":"Module provider registered","context":{"module":"Electrical"}}
{"timestamp":"2025-12-02 12:52:51","level":"info","message":"Module provider registered","context":{"module":"Hvac"}}
{"timestamp":"2025-12-02 12:52:51","level":"warning","message":"plugin_entry_undefined","context":{"slug":"green-building-tools"}}
{"timestamp":"2025-12-02 12:52:58","level":"info","message":"Module provider registered","context":{"module":"Civil"}}
{"timestamp":"2025-12-02 12:52:58","level":"info","message":"Module provider registered","context":{"module":"Electrical"}}
{"timestamp":"2025-12-02 12:52:58","level":"info","message":"Module provider registered","context":{"module":"Hvac"}}
{"timestamp":"2025-12-02 12:52:58","level":"warning","message":"plugin_entry_undefined","context":{"slug":"green-building-tools"}}
{"timestamp":"2025-12-02 12:53:00","level":"info","message":"Module provider registered","context":{"module":"Civil"}}
{"timestamp":"2025-12-02 12:53:00","level":"info","message":"Module provider registered","context":{"module":"Electrical"}}
{"timestamp":"2025-12-02 12:53:00","level":"info","message":"Module provider registered","context":{"module":"Hvac"}}
{"timestamp":"2025-12-02 12:53:00","level":"warning","message":"plugin_entry_undefined","context":{"slug":"green-building-tools"}}
{"timestamp":"2025-12-02 12:53:02","level":"info","message":"Module provider registered","context":{"module":"Civil"}}
{"timestamp":"2025-12-02 12:53:02","level":"info","message":"Module provider registered","context":{"module":"Electrical"}}
{"timestamp":"2025-12-02 12:53:02","level":"info","message":"Module provider registered","context":{"module":"Hvac"}}
{"timestamp":"2025-12-02 12:53:02","level":"warning","message":"plugin_entry_undefined","context":{"slug":"green-building-tools"}}
{"timestamp":"2025-12-02 12:53:03","level":"info","message":"Module provider registered","context":{"module":"Civil"}}
{"timestamp":"2025-12-02 12:53:03","level":"info","message":"Module provider registered","context":{"module":"Electrical"}}
{"timestamp":"2025-12-02 12:53:03","level":"info","message":"Module provider registered","context":{"module":"Hvac"}}
{"timestamp":"2025-12-02 12:53:03","level":"warning","message":"plugin_entry_undefined","context":{"slug":"green-building-tools"}}
{"timestamp":"2025-12-02 12:53:27","level":"info","message":"Module provider registered","context":{"module":"Civil"}}
{"timestamp":"2025-12-02 12:53:27","level":"info","message":"Module provider registered","context":{"module":"Electrical"}}
{"timestamp":"2025-12-02 12:53:27","level":"info","message":"Module provider registered","context":{"module":"Hvac"}}
{"timestamp":"2025-12-02 12:53:27","level":"warning","message":"plugin_entry_undefined","context":{"slug":"green-building-tools"}}
{"timestamp":"2025-12-02 12:53:28","level":"info","message":"Module provider registered","context":{"module":"Civil"}}
{"timestamp":"2025-12-02 12:53:28","level":"info","message":"Module provider registered","context":{"module":"Electrical"}}
{"timestamp":"2025-12-02 12:53:28","level":"info","message":"Module provider registered","context":{"module":"Hvac"}}
{"timestamp":"2025-12-02 12:53:28","level":"warning","message":"plugin_entry_undefined","context":{"slug":"green-building-tools"}}
{"timestamp":"2025-12-02 12:53:28","level":"info","message":"Module provider registered","context":{"module":"Civil"}}
{"timestamp":"2025-12-02 12:53:28","level":"info","message":"Module provider registered","context":{"module":"Electrical"}}
{"timestamp":"2025-12-02 12:53:28","level":"info","message":"Module provider registered","context":{"module":"Hvac"}}
{"timestamp":"2025-12-02 12:53:28","level":"warning","message":"plugin_entry_undefined","context":{"slug":"green-building-tools"}}
{"timestamp":"2025-12-02 12:54:23","level":"info","message":"Module provider registered","context":{"module":"Civil"}}
{"timestamp":"2025-12-02 12:54:23","level":"info","message":"Module provider registered","context":{"module":"Electrical"}}
{"timestamp":"2025-12-02 12:54:23","level":"info","message":"Module provider registered","context":{"module":"Hvac"}}
{"timestamp":"2025-12-02 12:54:23","level":"warning","message":"plugin_entry_undefined","context":{"slug":"green-building-tools"}}
{"timestamp":"2025-12-02 12:54:27","level":"info","message":"Module provider registered","context":{"module":"Civil"}}
{"timestamp":"2025-12-02 12:54:27","level":"info","message":"Module provider registered","context":{"module":"Electrical"}}
{"timestamp":"2025-12-02 12:54:27","level":"info","message":"Module provider registered","context":{"module":"Hvac"}}
{"timestamp":"2025-12-02 12:54:27","level":"warning","message":"plugin_entry_undefined","context":{"slug":"green-building-tools"}}
{"timestamp":"2025-12-02 12:54:33","level":"info","message":"Module provider registered","context":{"module":"Civil"}}
{"timestamp":"2025-12-02 12:54:33","level":"info","message":"Module provider registered","context":{"module":"Electrical"}}
{"timestamp":"2025-12-02 12:54:33","level":"info","message":"Module provider registered","context":{"module":"Hvac"}}
{"timestamp":"2025-12-02 12:54:33","level":"warning","message":"plugin_entry_undefined","context":{"slug":"green-building-tools"}}
{"timestamp":"2025-12-02 12:54:38","level":"info","message":"Module provider registered","context":{"module":"Civil"}}
{"timestamp":"2025-12-02 12:54:38","level":"info","message":"Module provider registered","context":{"module":"Electrical"}}
{"timestamp":"2025-12-02 12:54:38","level":"info","message":"Module provider registered","context":{"module":"Hvac"}}
{"timestamp":"2025-12-02 12:54:38","level":"warning","message":"plugin_entry_undefined","context":{"slug":"green-building-tools"}}
{"timestamp":"2025-12-02 12:54:40","level":"info","message":"Module provider registered","context":{"module":"Civil"}}
{"timestamp":"2025-12-02 12:54:40","level":"info","message":"Module provider registered","context":{"module":"Electrical"}}
{"timestamp":"2025-12-02 12:54:40","level":"info","message":"Module provider registered","context":{"module":"Hvac"}}
{"timestamp":"2025-12-02 12:54:40","level":"warning","message":"plugin_entry_undefined","context":{"slug":"green-building-tools"}}
{"timestamp":"2025-12-02 12:54:42","level":"info","message":"Module provider registered","context":{"module":"Civil"}}
{"timestamp":"2025-12-02 12:54:42","level":"info","message":"Module provider registered","context":{"module":"Electrical"}}
{"timestamp":"2025-12-02 12:54:42","level":"info","message":"Module provider registered","context":{"module":"Hvac"}}
{"timestamp":"2025-12-02 12:54:42","level":"warning","message":"plugin_entry_undefined","context":{"slug":"green-building-tools"}}
{"timestamp":"2025-12-02 12:54:45","level":"info","message":"Module provider registered","context":{"module":"Civil"}}
{"timestamp":"2025-12-02 12:54:45","level":"info","message":"Module provider registered","context":{"module":"Electrical"}}
{"timestamp":"2025-12-02 12:54:45","level":"info","message":"Module provider registered","context":{"module":"Hvac"}}
{"timestamp":"2025-12-02 12:54:45","level":"warning","message":"plugin_entry_undefined","context":{"slug":"green-building-tools"}}
{"timestamp":"2025-12-02 12:54:53","level":"info","message":"Module provider registered","context":{"module":"Civil"}}
{"timestamp":"2025-12-02 12:54:53","level":"info","message":"Module provider registered","context":{"module":"Electrical"}}
{"timestamp":"2025-12-02 12:54:53","level":"info","message":"Module provider registered","context":{"module":"Hvac"}}
{"timestamp":"2025-12-02 12:54:53","level":"warning","message":"plugin_entry_undefined","context":{"slug":"green-building-tools"}}
{"timestamp":"2025-12-02 12:55:03","level":"info","message":"Module provider registered","context":{"module":"Civil"}}
{"timestamp":"2025-12-02 12:55:03","level":"info","message":"Module provider registered","context":{"module":"Electrical"}}
{"timestamp":"2025-12-02 12:55:03","level":"info","message":"Module provider registered","context":{"module":"Hvac"}}
{"timestamp":"2025-12-02 12:55:03","level":"warning","message":"plugin_entry_undefined","context":{"slug":"green-building-tools"}}
{"timestamp":"2025-12-02 12:55:51","level":"info","message":"Module provider registered","context":{"module":"Civil"}}
{"timestamp":"2025-12-02 12:55:51","level":"info","message":"Module provider registered","context":{"module":"Electrical"}}
{"timestamp":"2025-12-02 12:55:51","level":"info","message":"Module provider registered","context":{"module":"Hvac"}}
{"timestamp":"2025-12-02 12:55:51","level":"warning","message":"plugin_entry_undefined","context":{"slug":"green-building-tools"}}
