{"timestamp":"2025-11-18 13:39:25","level":"info","message":"Module provider registered","context":{"module":"Civil"}}
{"timestamp":"2025-11-18 13:39:25","level":"info","message":"Module provider registered","context":{"module":"Electrical"}}
{"timestamp":"2025-11-18 13:39:25","level":"info","message":"Module provider registered","context":{"module":"Hvac"}}
{"timestamp":"2025-11-18 13:39:25","level":"warning","message":"plugin_entry_undefined","context":{"slug":"green-building-tools"}}
{"timestamp":"2025-11-18 13:40:07","level":"error","message":"session_start(): Session cannot be started after headers have already been sent","context":{"type":2,"file":"C:\\laragon\\www\\Bishwo_Calculator\\themes\\default\\views\\auth\\register.php","line":7}}
{"timestamp":"2025-11-18 13:40:16","level":"info","message":"Module provider registered","context":{"module":"Civil"}}
{"timestamp":"2025-11-18 13:40:16","level":"info","message":"Module provider registered","context":{"module":"Electrical"}}
{"timestamp":"2025-11-18 13:40:16","level":"info","message":"Module provider registered","context":{"module":"Hvac"}}
{"timestamp":"2025-11-18 13:40:16","level":"warning","message":"plugin_entry_undefined","context":{"slug":"green-building-tools"}}
{"timestamp":"2025-11-18 13:40:17","level":"info","message":"Module provider registered","context":{"module":"Civil"}}
{"timestamp":"2025-11-18 13:40:17","level":"info","message":"Module provider registered","context":{"module":"Electrical"}}
{"timestamp":"2025-11-18 13:40:17","level":"info","message":"Module provider registered","context":{"module":"Hvac"}}
{"timestamp":"2025-11-18 13:40:17","level":"warning","message":"plugin_entry_undefined","context":{"slug":"green-building-tools"}}
{"timestamp":"2025-11-18 13:40:17","level":"info","message":"Module provider registered","context":{"module":"Civil"}}
{"timestamp":"2025-11-18 13:40:17","level":"info","message":"Module provider registered","context":{"module":"Electrical"}}
{"timestamp":"2025-11-18 13:40:17","level":"info","message":"Module provider registered","context":{"module":"Hvac"}}
{"timestamp":"2025-11-18 13:40:17","level":"warning","message":"plugin_entry_undefined","context":{"slug":"green-building-tools"}}
{"timestamp":"2025-11-18 13:40:17","level":"error","message":"Class \"MaxMind\\Db\\Reader\" not found","context":{"file":"C:\\laragon\\www\\Bishwo_Calculator\\app\\Services\\GeolocationService.php","line":65,"code":0,"trace":[{"file":"C:\\laragon\\www\\Bishwo_Calculator\\app\\Services\\GeolocationService.php","line":34,"function":"initializeDatabase","class":"App\\Services\\GeolocationService","type":"->","args":[]},{"file":"C:\\laragon\\www\\Bishwo_Calculator\\app\\Controllers\\Api\\LocationController.php","line":21,"function":"__construct","class":"App\\Services\\GeolocationService","type":"->","args":[]},{"function":"getLocation","class":"App\\Controllers\\Api\\LocationController","type":"->","args":[]},{"file":"C:\\laragon\\www\\Bishwo_Calculator\\app\\Core\\Router.php","line":137,"function":"call_user_func_array","args":[[{},"getLocation"],[]]},{"file":"C:\\laragon\\www\\Bishwo_Calculator\\app\\Core\\Router.php","line":55,"function":"callRoute","class":"App\\Core\\Router","type":"->","args":[{"method":"GET","uri":"/api/location","controller":"Api\\LocationController@getLocation","middleware":["security","cors"]},["/api/location"]]},{"file":"C:\\laragon\\www\\Bishwo_Calculator\\public\\index.php","line":28,"function":"dispatch","class":"App\\Core\\Router","type":"->","args":[]}]}}
{"timestamp":"2025-11-18 13:43:11","level":"info","message":"Module provider registered","context":{"module":"Civil"}}
{"timestamp":"2025-11-18 13:43:11","level":"info","message":"Module provider registered","context":{"module":"Electrical"}}
{"timestamp":"2025-11-18 13:43:11","level":"info","message":"Module provider registered","context":{"module":"Hvac"}}
{"timestamp":"2025-11-18 13:43:11","level":"warning","message":"plugin_entry_undefined","context":{"slug":"green-building-tools"}}
{"timestamp":"2025-11-18 13:59:20","level":"info","message":"Module provider registered","context":{"module":"Civil"}}
{"timestamp":"2025-11-18 13:59:20","level":"info","message":"Module provider registered","context":{"module":"Electrical"}}
{"timestamp":"2025-11-18 13:59:20","level":"info","message":"Module provider registered","context":{"module":"Hvac"}}
{"timestamp":"2025-11-18 13:59:20","level":"warning","message":"plugin_entry_undefined","context":{"slug":"green-building-tools"}}
{"timestamp":"2025-11-18 13:59:21","level":"info","message":"Module provider registered","context":{"module":"Civil"}}
{"timestamp":"2025-11-18 13:59:21","level":"info","message":"Module provider registered","context":{"module":"Electrical"}}
{"timestamp":"2025-11-18 13:59:21","level":"info","message":"Module provider registered","context":{"module":"Hvac"}}
{"timestamp":"2025-11-18 13:59:21","level":"warning","message":"plugin_entry_undefined","context":{"slug":"green-building-tools"}}
{"timestamp":"2025-11-18 13:59:35","level":"info","message":"Module provider registered","context":{"module":"Civil"}}
{"timestamp":"2025-11-18 13:59:35","level":"info","message":"Module provider registered","context":{"module":"Electrical"}}
{"timestamp":"2025-11-18 13:59:35","level":"info","message":"Module provider registered","context":{"module":"Hvac"}}
{"timestamp":"2025-11-18 13:59:35","level":"warning","message":"plugin_entry_undefined","context":{"slug":"green-building-tools"}}
{"timestamp":"2025-11-18 13:59:36","level":"info","message":"Module provider registered","context":{"module":"Civil"}}
{"timestamp":"2025-11-18 13:59:36","level":"info","message":"Module provider registered","context":{"module":"Electrical"}}
{"timestamp":"2025-11-18 13:59:36","level":"info","message":"Module provider registered","context":{"module":"Hvac"}}
{"timestamp":"2025-11-18 13:59:36","level":"warning","message":"plugin_entry_undefined","context":{"slug":"green-building-tools"}}
{"timestamp":"2025-11-18 13:59:36","level":"info","message":"Module provider registered","context":{"module":"Civil"}}
{"timestamp":"2025-11-18 13:59:36","level":"info","message":"Module provider registered","context":{"module":"Electrical"}}
{"timestamp":"2025-11-18 13:59:36","level":"info","message":"Module provider registered","context":{"module":"Hvac"}}
{"timestamp":"2025-11-18 13:59:36","level":"warning","message":"plugin_entry_undefined","context":{"slug":"green-building-tools"}}
{"timestamp":"2025-11-18 13:59:36","level":"error","message":"Class \"MaxMind\\Db\\Reader\" not found","context":{"file":"C:\\laragon\\www\\Bishwo_Calculator\\app\\Services\\GeolocationService.php","line":65,"code":0,"trace":[{"file":"C:\\laragon\\www\\Bishwo_Calculator\\app\\Services\\GeolocationService.php","line":34,"function":"initializeDatabase","class":"App\\Services\\GeolocationService","type":"->","args":[]},{"file":"C:\\laragon\\www\\Bishwo_Calculator\\app\\Controllers\\Api\\LocationController.php","line":21,"function":"__construct","class":"App\\Services\\GeolocationService","type":"->","args":[]},{"function":"getLocation","class":"App\\Controllers\\Api\\LocationController","type":"->","args":[]},{"file":"C:\\laragon\\www\\Bishwo_Calculator\\app\\Core\\Router.php","line":137,"function":"call_user_func_array","args":[[{},"getLocation"],[]]},{"file":"C:\\laragon\\www\\Bishwo_Calculator\\app\\Core\\Router.php","line":55,"function":"callRoute","class":"App\\Core\\Router","type":"->","args":[{"method":"GET","uri":"/api/location","controller":"Api\\LocationController@getLocation","middleware":["security","cors"]},["/api/location"]]},{"file":"C:\\laragon\\www\\Bishwo_Calculator\\public\\index.php","line":28,"function":"dispatch","class":"App\\Core\\Router","type":"->","args":[]}]}}
{"timestamp":"2025-11-18 14:22:23","level":"error","message":"session_start(): Session cannot be started after headers have already been sent","context":{"type":2,"file":"C:\\laragon\\www\\Bishwo_Calculator\\themes\\default\\views\\auth\\register.php","line":7}}
{"timestamp":"2025-11-18 14:22:56","level":"info","message":"Module provider registered","context":{"module":"Civil"}}
{"timestamp":"2025-11-18 14:22:56","level":"info","message":"Module provider registered","context":{"module":"Electrical"}}
{"timestamp":"2025-11-18 14:22:56","level":"info","message":"Module provider registered","context":{"module":"Hvac"}}
{"timestamp":"2025-11-18 14:22:56","level":"warning","message":"plugin_entry_undefined","context":{"slug":"green-building-tools"}}
{"timestamp":"2025-11-18 14:22:57","level":"info","message":"Module provider registered","context":{"module":"Civil"}}
{"timestamp":"2025-11-18 14:22:57","level":"info","message":"Module provider registered","context":{"module":"Electrical"}}
{"timestamp":"2025-11-18 14:22:57","level":"info","message":"Module provider registered","context":{"module":"Hvac"}}
{"timestamp":"2025-11-18 14:22:57","level":"warning","message":"plugin_entry_undefined","context":{"slug":"green-building-tools"}}
{"timestamp":"2025-11-18 14:22:57","level":"info","message":"Module provider registered","context":{"module":"Civil"}}
{"timestamp":"2025-11-18 14:22:57","level":"info","message":"Module provider registered","context":{"module":"Electrical"}}
{"timestamp":"2025-11-18 14:22:57","level":"info","message":"Module provider registered","context":{"module":"Hvac"}}
{"timestamp":"2025-11-18 14:22:57","level":"warning","message":"plugin_entry_undefined","context":{"slug":"green-building-tools"}}
{"timestamp":"2025-11-18 14:22:57","level":"error","message":"Class \"MaxMind\\Db\\Reader\" not found","context":{"file":"C:\\laragon\\www\\Bishwo_Calculator\\app\\Services\\GeolocationService.php","line":65,"code":0,"trace":[{"file":"C:\\laragon\\www\\Bishwo_Calculator\\app\\Services\\GeolocationService.php","line":34,"function":"initializeDatabase","class":"App\\Services\\GeolocationService","type":"->","args":[]},{"file":"C:\\laragon\\www\\Bishwo_Calculator\\app\\Controllers\\Api\\LocationController.php","line":21,"function":"__construct","class":"App\\Services\\GeolocationService","type":"->","args":[]},{"function":"getLocation","class":"App\\Controllers\\Api\\LocationController","type":"->","args":[]},{"file":"C:\\laragon\\www\\Bishwo_Calculator\\app\\Core\\Router.php","line":137,"function":"call_user_func_array","args":[[{},"getLocation"],[]]},{"file":"C:\\laragon\\www\\Bishwo_Calculator\\app\\Core\\Router.php","line":55,"function":"callRoute","class":"App\\Core\\Router","type":"->","args":[{"method":"GET","uri":"/api/location","controller":"Api\\LocationController@getLocation","middleware":["security","cors"]},["/api/location"]]},{"file":"C:\\laragon\\www\\Bishwo_Calculator\\public\\index.php","line":28,"function":"dispatch","class":"App\\Core\\Router","type":"->","args":[]}]}}
{"timestamp":"2025-11-18 14:23:23","level":"info","message":"Module provider registered","context":{"module":"Civil"}}
{"timestamp":"2025-11-18 14:23:23","level":"info","message":"Module provider registered","context":{"module":"Electrical"}}
{"timestamp":"2025-11-18 14:23:23","level":"info","message":"Module provider registered","context":{"module":"Hvac"}}
{"timestamp":"2025-11-18 14:23:23","level":"warning","message":"plugin_entry_undefined","context":{"slug":"green-building-tools"}}
{"timestamp":"2025-11-18 14:23:27","level":"info","message":"Module provider registered","context":{"module":"Civil"}}
{"timestamp":"2025-11-18 14:23:27","level":"info","message":"Module provider registered","context":{"module":"Electrical"}}
{"timestamp":"2025-11-18 14:23:27","level":"info","message":"Module provider registered","context":{"module":"Hvac"}}
{"timestamp":"2025-11-18 14:23:27","level":"warning","message":"plugin_entry_undefined","context":{"slug":"green-building-tools"}}
