{"timestamp":"2025-12-03 03:32:38","level":"info","message":"Module provider registered","context":{"module":"Civil"}}
{"timestamp":"2025-12-03 03:32:38","level":"info","message":"Module provider registered","context":{"module":"Electrical"}}
{"timestamp":"2025-12-03 03:32:38","level":"info","message":"Module provider registered","context":{"module":"Hvac"}}
{"timestamp":"2025-12-03 03:32:39","level":"warning","message":"plugin_entry_undefined","context":{"slug":"green-building-tools"}}
{"timestamp":"2025-12-03 03:32:40","level":"info","message":"Module provider registered","context":{"module":"Civil"}}
{"timestamp":"2025-12-03 03:32:40","level":"info","message":"Module provider registered","context":{"module":"Electrical"}}
{"timestamp":"2025-12-03 03:32:40","level":"info","message":"Module provider registered","context":{"module":"Hvac"}}
{"timestamp":"2025-12-03 03:32:40","level":"warning","message":"plugin_entry_undefined","context":{"slug":"green-building-tools"}}
{"timestamp":"2025-12-03 03:32:41","level":"info","message":"Module provider registered","context":{"module":"Civil"}}
{"timestamp":"2025-12-03 03:32:41","level":"info","message":"Module provider registered","context":{"module":"Electrical"}}
{"timestamp":"2025-12-03 03:32:41","level":"info","message":"Module provider registered","context":{"module":"Hvac"}}
{"timestamp":"2025-12-03 03:32:41","level":"warning","message":"plugin_entry_undefined","context":{"slug":"green-building-tools"}}
{"timestamp":"2025-12-03 03:32:42","level":"info","message":"Module provider registered","context":{"module":"Civil"}}
{"timestamp":"2025-12-03 03:32:42","level":"info","message":"Module provider registered","context":{"module":"Electrical"}}
{"timestamp":"2025-12-03 03:32:42","level":"info","message":"Module provider registered","context":{"module":"Hvac"}}
{"timestamp":"2025-12-03 03:32:42","level":"warning","message":"plugin_entry_undefined","context":{"slug":"green-building-tools"}}
{"timestamp":"2025-12-03 03:32:43","level":"info","message":"Module provider registered","context":{"module":"Civil"}}
{"timestamp":"2025-12-03 03:32:43","level":"info","message":"Module provider registered","context":{"module":"Electrical"}}
{"timestamp":"2025-12-03 03:32:43","level":"info","message":"Module provider registered","context":{"module":"Hvac"}}
{"timestamp":"2025-12-03 03:32:43","level":"warning","message":"plugin_entry_undefined","context":{"slug":"green-building-tools"}}
{"timestamp":"2025-12-03 03:32:45","level":"info","message":"Module provider registered","context":{"module":"Civil"}}
{"timestamp":"2025-12-03 03:32:45","level":"info","message":"Module provider registered","context":{"module":"Electrical"}}
{"timestamp":"2025-12-03 03:32:45","level":"info","message":"Module provider registered","context":{"module":"Hvac"}}
{"timestamp":"2025-12-03 03:32:45","level":"warning","message":"plugin_entry_undefined","context":{"slug":"green-building-tools"}}
{"timestamp":"2025-12-03 03:46:12","level":"info","message":"Module provider registered","context":{"module":"Civil"}}
{"timestamp":"2025-12-03 03:46:12","level":"info","message":"Module provider registered","context":{"module":"Electrical"}}
{"timestamp":"2025-12-03 03:46:12","level":"info","message":"Module provider registered","context":{"module":"Hvac"}}
{"timestamp":"2025-12-03 03:46:12","level":"warning","message":"plugin_entry_undefined","context":{"slug":"green-building-tools"}}
{"timestamp":"2025-12-03 03:49:54","level":"info","message":"Module provider registered","context":{"module":"Civil"}}
{"timestamp":"2025-12-03 03:49:54","level":"info","message":"Module provider registered","context":{"module":"Electrical"}}
{"timestamp":"2025-12-03 03:49:54","level":"info","message":"Module provider registered","context":{"module":"Hvac"}}
{"timestamp":"2025-12-03 03:49:54","level":"warning","message":"plugin_entry_undefined","context":{"slug":"green-building-tools"}}
{"timestamp":"2025-12-03 03:50:02","level":"info","message":"Module provider registered","context":{"module":"Civil"}}
{"timestamp":"2025-12-03 03:50:02","level":"info","message":"Module provider registered","context":{"module":"Electrical"}}
{"timestamp":"2025-12-03 03:50:02","level":"info","message":"Module provider registered","context":{"module":"Hvac"}}
{"timestamp":"2025-12-03 03:50:02","level":"warning","message":"plugin_entry_undefined","context":{"slug":"green-building-tools"}}
{"timestamp":"2025-12-03 03:50:04","level":"info","message":"Module provider registered","context":{"module":"Civil"}}
{"timestamp":"2025-12-03 03:50:04","level":"info","message":"Module provider registered","context":{"module":"Electrical"}}
{"timestamp":"2025-12-03 03:50:04","level":"info","message":"Module provider registered","context":{"module":"Hvac"}}
{"timestamp":"2025-12-03 03:50:04","level":"warning","message":"plugin_entry_undefined","context":{"slug":"green-building-tools"}}
{"timestamp":"2025-12-03 03:52:59","level":"info","message":"Module provider registered","context":{"module":"Civil"}}
{"timestamp":"2025-12-03 03:52:59","level":"info","message":"Module provider registered","context":{"module":"Electrical"}}
{"timestamp":"2025-12-03 03:52:59","level":"info","message":"Module provider registered","context":{"module":"Hvac"}}
{"timestamp":"2025-12-03 03:52:59","level":"warning","message":"plugin_entry_undefined","context":{"slug":"green-building-tools"}}
{"timestamp":"2025-12-03 03:59:40","level":"error","message":"Call to undefined method App\\Core\\Database::getConnection()","context":{"file":"C:\\laragon\\www\\Bishwo_Calculator\\tests\\comprehensive_notification_fix.php","line":83,"code":0,"trace":[]}}
{"timestamp":"2025-12-03 03:59:40","level":"error","message":"http_response_code(): Cannot set response code - headers already sent (output started at C:\\laragon\\www\\Bishwo_Calculator\\tests\\comprehensive_notification_fix.php:14)","context":{"type":2,"file":"C:\\laragon\\www\\Bishwo_Calculator\\app\\bootstrap.php","line":82}}
{"timestamp":"2025-12-03 04:05:32","level":"info","message":"Module provider registered","context":{"module":"Civil"}}
{"timestamp":"2025-12-03 04:05:32","level":"info","message":"Module provider registered","context":{"module":"Electrical"}}
{"timestamp":"2025-12-03 04:05:32","level":"info","message":"Module provider registered","context":{"module":"Hvac"}}
{"timestamp":"2025-12-03 04:05:32","level":"warning","message":"plugin_entry_undefined","context":{"slug":"green-building-tools"}}
{"timestamp":"2025-12-03 04:25:42","level":"info","message":"Module provider registered","context":{"module":"Civil"}}
{"timestamp":"2025-12-03 04:25:42","level":"info","message":"Module provider registered","context":{"module":"Electrical"}}
{"timestamp":"2025-12-03 04:25:42","level":"info","message":"Module provider registered","context":{"module":"Hvac"}}
{"timestamp":"2025-12-03 04:25:42","level":"warning","message":"plugin_entry_undefined","context":{"slug":"green-building-tools"}}
{"timestamp":"2025-12-03 04:28:29","level":"info","message":"Module provider registered","context":{"module":"Civil"}}
{"timestamp":"2025-12-03 04:28:29","level":"info","message":"Module provider registered","context":{"module":"Electrical"}}
{"timestamp":"2025-12-03 04:28:29","level":"info","message":"Module provider registered","context":{"module":"Hvac"}}
{"timestamp":"2025-12-03 04:28:29","level":"warning","message":"plugin_entry_undefined","context":{"slug":"green-building-tools"}}
{"timestamp":"2025-12-03 04:28:39","level":"info","message":"Module provider registered","context":{"module":"Civil"}}
{"timestamp":"2025-12-03 04:28:39","level":"info","message":"Module provider registered","context":{"module":"Electrical"}}
{"timestamp":"2025-12-03 04:28:39","level":"info","message":"Module provider registered","context":{"module":"Hvac"}}
{"timestamp":"2025-12-03 04:28:39","level":"warning","message":"plugin_entry_undefined","context":{"slug":"green-building-tools"}}
{"timestamp":"2025-12-03 04:30:23","level":"info","message":"Module provider registered","context":{"module":"Civil"}}
{"timestamp":"2025-12-03 04:30:23","level":"info","message":"Module provider registered","context":{"module":"Electrical"}}
{"timestamp":"2025-12-03 04:30:23","level":"info","message":"Module provider registered","context":{"module":"Hvac"}}
{"timestamp":"2025-12-03 04:30:23","level":"warning","message":"plugin_entry_undefined","context":{"slug":"green-building-tools"}}
{"timestamp":"2025-12-03 04:30:25","level":"info","message":"Module provider registered","context":{"module":"Civil"}}
{"timestamp":"2025-12-03 04:30:25","level":"info","message":"Module provider registered","context":{"module":"Electrical"}}
{"timestamp":"2025-12-03 04:30:25","level":"info","message":"Module provider registered","context":{"module":"Hvac"}}
{"timestamp":"2025-12-03 04:30:25","level":"warning","message":"plugin_entry_undefined","context":{"slug":"green-building-tools"}}
{"timestamp":"2025-12-03 04:32:46","level":"error","message":"session_start(): Session cannot be started after headers have already been sent","context":{"type":2,"file":"C:\\laragon\\www\\Bishwo_Calculator\\tests\\debug_notification_ui.php","line":18}}
{"timestamp":"2025-12-03 04:35:46","level":"info","message":"Module provider registered","context":{"module":"Civil"}}
{"timestamp":"2025-12-03 04:35:46","level":"info","message":"Module provider registered","context":{"module":"Electrical"}}
{"timestamp":"2025-12-03 04:35:46","level":"info","message":"Module provider registered","context":{"module":"Hvac"}}
{"timestamp":"2025-12-03 04:35:46","level":"warning","message":"plugin_entry_undefined","context":{"slug":"green-building-tools"}}
{"timestamp":"2025-12-03 04:38:35","level":"info","message":"Module provider registered","context":{"module":"Civil"}}
{"timestamp":"2025-12-03 04:38:35","level":"info","message":"Module provider registered","context":{"module":"Electrical"}}
{"timestamp":"2025-12-03 04:38:35","level":"info","message":"Module provider registered","context":{"module":"Hvac"}}
{"timestamp":"2025-12-03 04:38:35","level":"warning","message":"plugin_entry_undefined","context":{"slug":"green-building-tools"}}
{"timestamp":"2025-12-03 04:56:47","level":"info","message":"Module provider registered","context":{"module":"Civil"}}
{"timestamp":"2025-12-03 04:56:47","level":"info","message":"Module provider registered","context":{"module":"Electrical"}}
{"timestamp":"2025-12-03 04:56:47","level":"info","message":"Module provider registered","context":{"module":"Hvac"}}
{"timestamp":"2025-12-03 04:56:47","level":"warning","message":"plugin_entry_undefined","context":{"slug":"green-building-tools"}}
{"timestamp":"2025-12-03 05:32:04","level":"info","message":"Module provider registered","context":{"module":"Civil"}}
{"timestamp":"2025-12-03 05:32:04","level":"info","message":"Module provider registered","context":{"module":"Electrical"}}
{"timestamp":"2025-12-03 05:32:04","level":"info","message":"Module provider registered","context":{"module":"Hvac"}}
{"timestamp":"2025-12-03 05:32:04","level":"warning","message":"plugin_entry_undefined","context":{"slug":"green-building-tools"}}
{"timestamp":"2025-12-03 05:44:47","level":"info","message":"Module provider registered","context":{"module":"Civil"}}
{"timestamp":"2025-12-03 05:44:47","level":"info","message":"Module provider registered","context":{"module":"Electrical"}}
{"timestamp":"2025-12-03 05:44:47","level":"info","message":"Module provider registered","context":{"module":"Hvac"}}
{"timestamp":"2025-12-03 05:44:47","level":"warning","message":"plugin_entry_undefined","context":{"slug":"green-building-tools"}}
{"timestamp":"2025-12-03 06:01:07","level":"info","message":"Module provider registered","context":{"module":"Civil"}}
{"timestamp":"2025-12-03 06:01:07","level":"info","message":"Module provider registered","context":{"module":"Electrical"}}
{"timestamp":"2025-12-03 06:01:07","level":"info","message":"Module provider registered","context":{"module":"Hvac"}}
{"timestamp":"2025-12-03 06:01:07","level":"warning","message":"plugin_entry_undefined","context":{"slug":"green-building-tools"}}
{"timestamp":"2025-12-03 06:01:10","level":"info","message":"Module provider registered","context":{"module":"Civil"}}
{"timestamp":"2025-12-03 06:01:10","level":"info","message":"Module provider registered","context":{"module":"Electrical"}}
{"timestamp":"2025-12-03 06:01:10","level":"info","message":"Module provider registered","context":{"module":"Hvac"}}
{"timestamp":"2025-12-03 06:01:10","level":"warning","message":"plugin_entry_undefined","context":{"slug":"green-building-tools"}}
{"timestamp":"2025-12-03 06:01:16","level":"info","message":"Module provider registered","context":{"module":"Civil"}}
{"timestamp":"2025-12-03 06:01:16","level":"info","message":"Module provider registered","context":{"module":"Electrical"}}
{"timestamp":"2025-12-03 06:01:16","level":"info","message":"Module provider registered","context":{"module":"Hvac"}}
{"timestamp":"2025-12-03 06:01:16","level":"warning","message":"plugin_entry_undefined","context":{"slug":"green-building-tools"}}
{"timestamp":"2025-12-03 06:01:17","level":"info","message":"Module provider registered","context":{"module":"Civil"}}
{"timestamp":"2025-12-03 06:01:17","level":"info","message":"Module provider registered","context":{"module":"Electrical"}}
{"timestamp":"2025-12-03 06:01:17","level":"info","message":"Module provider registered","context":{"module":"Hvac"}}
{"timestamp":"2025-12-03 06:01:17","level":"warning","message":"plugin_entry_undefined","context":{"slug":"green-building-tools"}}
{"timestamp":"2025-12-03 06:08:27","level":"info","message":"Module provider registered","context":{"module":"Civil"}}
{"timestamp":"2025-12-03 06:08:27","level":"info","message":"Module provider registered","context":{"module":"Electrical"}}
{"timestamp":"2025-12-03 06:08:27","level":"info","message":"Module provider registered","context":{"module":"Hvac"}}
{"timestamp":"2025-12-03 06:08:27","level":"warning","message":"plugin_entry_undefined","context":{"slug":"green-building-tools"}}
{"timestamp":"2025-12-03 06:12:26","level":"info","message":"Module provider registered","context":{"module":"Civil"}}
{"timestamp":"2025-12-03 06:12:26","level":"info","message":"Module provider registered","context":{"module":"Electrical"}}
{"timestamp":"2025-12-03 06:12:26","level":"info","message":"Module provider registered","context":{"module":"Hvac"}}
{"timestamp":"2025-12-03 06:12:26","level":"warning","message":"plugin_entry_undefined","context":{"slug":"green-building-tools"}}
{"timestamp":"2025-12-03 06:12:29","level":"info","message":"Module provider registered","context":{"module":"Civil"}}
{"timestamp":"2025-12-03 06:12:29","level":"info","message":"Module provider registered","context":{"module":"Electrical"}}
{"timestamp":"2025-12-03 06:12:29","level":"info","message":"Module provider registered","context":{"module":"Hvac"}}
{"timestamp":"2025-12-03 06:12:29","level":"warning","message":"plugin_entry_undefined","context":{"slug":"green-building-tools"}}
{"timestamp":"2025-12-03 06:12:29","level":"info","message":"Module provider registered","context":{"module":"Civil"}}
{"timestamp":"2025-12-03 06:12:29","level":"info","message":"Module provider registered","context":{"module":"Electrical"}}
{"timestamp":"2025-12-03 06:12:29","level":"info","message":"Module provider registered","context":{"module":"Hvac"}}
{"timestamp":"2025-12-03 06:12:29","level":"warning","message":"plugin_entry_undefined","context":{"slug":"green-building-tools"}}
{"timestamp":"2025-12-03 06:12:34","level":"info","message":"Module provider registered","context":{"module":"Civil"}}
{"timestamp":"2025-12-03 06:12:34","level":"info","message":"Module provider registered","context":{"module":"Electrical"}}
{"timestamp":"2025-12-03 06:12:34","level":"info","message":"Module provider registered","context":{"module":"Hvac"}}
{"timestamp":"2025-12-03 06:12:34","level":"warning","message":"plugin_entry_undefined","context":{"slug":"green-building-tools"}}
{"timestamp":"2025-12-03 12:15:23","level":"info","message":"Module provider registered","context":{"module":"Civil"}}
{"timestamp":"2025-12-03 12:15:23","level":"info","message":"Module provider registered","context":{"module":"Electrical"}}
{"timestamp":"2025-12-03 12:15:23","level":"info","message":"Module provider registered","context":{"module":"Hvac"}}
{"timestamp":"2025-12-03 12:15:23","level":"warning","message":"plugin_entry_undefined","context":{"slug":"green-building-tools"}}
{"timestamp":"2025-12-03 12:15:24","level":"info","message":"Module provider registered","context":{"module":"Civil"}}
{"timestamp":"2025-12-03 12:15:24","level":"info","message":"Module provider registered","context":{"module":"Electrical"}}
{"timestamp":"2025-12-03 12:15:24","level":"info","message":"Module provider registered","context":{"module":"Hvac"}}
{"timestamp":"2025-12-03 12:15:24","level":"warning","message":"plugin_entry_undefined","context":{"slug":"green-building-tools"}}
{"timestamp":"2025-12-03 12:15:26","level":"info","message":"Module provider registered","context":{"module":"Civil"}}
{"timestamp":"2025-12-03 12:15:26","level":"info","message":"Module provider registered","context":{"module":"Electrical"}}
{"timestamp":"2025-12-03 12:15:26","level":"info","message":"Module provider registered","context":{"module":"Hvac"}}
{"timestamp":"2025-12-03 12:15:26","level":"warning","message":"plugin_entry_undefined","context":{"slug":"green-building-tools"}}
{"timestamp":"2025-12-03 12:15:27","level":"info","message":"Module provider registered","context":{"module":"Civil"}}
{"timestamp":"2025-12-03 12:15:27","level":"info","message":"Module provider registered","context":{"module":"Electrical"}}
{"timestamp":"2025-12-03 12:15:27","level":"info","message":"Module provider registered","context":{"module":"Hvac"}}
{"timestamp":"2025-12-03 12:15:27","level":"warning","message":"plugin_entry_undefined","context":{"slug":"green-building-tools"}}
{"timestamp":"2025-12-03 12:15:28","level":"info","message":"Module provider registered","context":{"module":"Civil"}}
{"timestamp":"2025-12-03 12:15:28","level":"info","message":"Module provider registered","context":{"module":"Electrical"}}
{"timestamp":"2025-12-03 12:15:28","level":"info","message":"Module provider registered","context":{"module":"Hvac"}}
{"timestamp":"2025-12-03 12:15:28","level":"warning","message":"plugin_entry_undefined","context":{"slug":"green-building-tools"}}
{"timestamp":"2025-12-03 12:15:29","level":"info","message":"Module provider registered","context":{"module":"Civil"}}
{"timestamp":"2025-12-03 12:15:29","level":"info","message":"Module provider registered","context":{"module":"Electrical"}}
{"timestamp":"2025-12-03 12:15:29","level":"info","message":"Module provider registered","context":{"module":"Hvac"}}
{"timestamp":"2025-12-03 12:15:29","level":"warning","message":"plugin_entry_undefined","context":{"slug":"green-building-tools"}}
{"timestamp":"2025-12-03 12:16:11","level":"info","message":"Module provider registered","context":{"module":"Civil"}}
{"timestamp":"2025-12-03 12:16:11","level":"info","message":"Module provider registered","context":{"module":"Electrical"}}
{"timestamp":"2025-12-03 12:16:11","level":"info","message":"Module provider registered","context":{"module":"Hvac"}}
{"timestamp":"2025-12-03 12:16:11","level":"warning","message":"plugin_entry_undefined","context":{"slug":"green-building-tools"}}
{"timestamp":"2025-12-03 12:16:16","level":"info","message":"Module provider registered","context":{"module":"Civil"}}
{"timestamp":"2025-12-03 12:16:16","level":"info","message":"Module provider registered","context":{"module":"Electrical"}}
{"timestamp":"2025-12-03 12:16:16","level":"info","message":"Module provider registered","context":{"module":"Hvac"}}
{"timestamp":"2025-12-03 12:16:16","level":"warning","message":"plugin_entry_undefined","context":{"slug":"green-building-tools"}}
{"timestamp":"2025-12-03 12:16:31","level":"info","message":"Module provider registered","context":{"module":"Civil"}}
{"timestamp":"2025-12-03 12:16:31","level":"info","message":"Module provider registered","context":{"module":"Electrical"}}
{"timestamp":"2025-12-03 12:16:31","level":"info","message":"Module provider registered","context":{"module":"Hvac"}}
{"timestamp":"2025-12-03 12:16:31","level":"warning","message":"plugin_entry_undefined","context":{"slug":"green-building-tools"}}
{"timestamp":"2025-12-03 12:16:32","level":"info","message":"Module provider registered","context":{"module":"Civil"}}
{"timestamp":"2025-12-03 12:16:32","level":"info","message":"Module provider registered","context":{"module":"Electrical"}}
{"timestamp":"2025-12-03 12:16:32","level":"info","message":"Module provider registered","context":{"module":"Hvac"}}
{"timestamp":"2025-12-03 12:16:32","level":"warning","message":"plugin_entry_undefined","context":{"slug":"green-building-tools"}}
{"timestamp":"2025-12-03 12:16:32","level":"info","message":"Module provider registered","context":{"module":"Civil"}}
{"timestamp":"2025-12-03 12:16:32","level":"info","message":"Module provider registered","context":{"module":"Electrical"}}
{"timestamp":"2025-12-03 12:16:32","level":"info","message":"Module provider registered","context":{"module":"Hvac"}}
{"timestamp":"2025-12-03 12:16:32","level":"warning","message":"plugin_entry_undefined","context":{"slug":"green-building-tools"}}
{"timestamp":"2025-12-03 12:43:42","level":"error","message":"Undefined global variable $router","context":{"type":2,"file":"C:\\laragon\\www\\Bishwo_Calculator\\test_notification_system.php","line":12}}
{"timestamp":"2025-12-03 12:43:43","level":"error","message":"Call to a member function getRoutes() on null","context":{"file":"C:\\laragon\\www\\Bishwo_Calculator\\test_notification_system.php","line":13,"code":0,"trace":[]}}
{"timestamp":"2025-12-03 12:43:43","level":"error","message":"http_response_code(): Cannot set response code - headers already sent (output started at C:\\laragon\\www\\Bishwo_Calculator\\test_notification_system.php:10)","context":{"type":2,"file":"C:\\laragon\\www\\Bishwo_Calculator\\app\\bootstrap.php","line":82}}
{"timestamp":"2025-12-03 12:45:55","level":"info","message":"Module provider registered","context":{"module":"Civil"}}
{"timestamp":"2025-12-03 12:45:55","level":"info","message":"Module provider registered","context":{"module":"Electrical"}}
{"timestamp":"2025-12-03 12:45:55","level":"info","message":"Module provider registered","context":{"module":"Hvac"}}
{"timestamp":"2025-12-03 12:45:55","level":"warning","message":"plugin_entry_undefined","context":{"slug":"green-building-tools"}}
{"timestamp":"2025-12-03 12:47:19","level":"info","message":"Module provider registered","context":{"module":"Civil"}}
{"timestamp":"2025-12-03 12:47:19","level":"info","message":"Module provider registered","context":{"module":"Electrical"}}
{"timestamp":"2025-12-03 12:47:19","level":"info","message":"Module provider registered","context":{"module":"Hvac"}}
{"timestamp":"2025-12-03 12:47:19","level":"warning","message":"plugin_entry_undefined","context":{"slug":"green-building-tools"}}
{"timestamp":"2025-12-03 12:47:20","level":"info","message":"Module provider registered","context":{"module":"Civil"}}
{"timestamp":"2025-12-03 12:47:20","level":"info","message":"Module provider registered","context":{"module":"Electrical"}}
{"timestamp":"2025-12-03 12:47:20","level":"info","message":"Module provider registered","context":{"module":"Hvac"}}
{"timestamp":"2025-12-03 12:47:20","level":"warning","message":"plugin_entry_undefined","context":{"slug":"green-building-tools"}}
{"timestamp":"2025-12-03 12:47:22","level":"info","message":"Module provider registered","context":{"module":"Civil"}}
{"timestamp":"2025-12-03 12:47:22","level":"info","message":"Module provider registered","context":{"module":"Electrical"}}
{"timestamp":"2025-12-03 12:47:22","level":"info","message":"Module provider registered","context":{"module":"Hvac"}}
{"timestamp":"2025-12-03 12:47:22","level":"warning","message":"plugin_entry_undefined","context":{"slug":"green-building-tools"}}
{"timestamp":"2025-12-03 12:47:23","level":"info","message":"Module provider registered","context":{"module":"Civil"}}
{"timestamp":"2025-12-03 12:47:23","level":"info","message":"Module provider registered","context":{"module":"Electrical"}}
{"timestamp":"2025-12-03 12:47:23","level":"info","message":"Module provider registered","context":{"module":"Hvac"}}
{"timestamp":"2025-12-03 12:47:23","level":"warning","message":"plugin_entry_undefined","context":{"slug":"green-building-tools"}}
{"timestamp":"2025-12-03 12:47:30","level":"info","message":"Module provider registered","context":{"module":"Civil"}}
{"timestamp":"2025-12-03 12:47:30","level":"info","message":"Module provider registered","context":{"module":"Electrical"}}
{"timestamp":"2025-12-03 12:47:30","level":"info","message":"Module provider registered","context":{"module":"Hvac"}}
{"timestamp":"2025-12-03 12:47:30","level":"warning","message":"plugin_entry_undefined","context":{"slug":"green-building-tools"}}
{"timestamp":"2025-12-03 12:47:32","level":"info","message":"Module provider registered","context":{"module":"Civil"}}
{"timestamp":"2025-12-03 12:47:32","level":"info","message":"Module provider registered","context":{"module":"Electrical"}}
{"timestamp":"2025-12-03 12:47:32","level":"info","message":"Module provider registered","context":{"module":"Hvac"}}
{"timestamp":"2025-12-03 12:47:32","level":"warning","message":"plugin_entry_undefined","context":{"slug":"green-building-tools"}}
{"timestamp":"2025-12-03 12:47:37","level":"info","message":"Module provider registered","context":{"module":"Civil"}}
{"timestamp":"2025-12-03 12:47:37","level":"info","message":"Module provider registered","context":{"module":"Electrical"}}
{"timestamp":"2025-12-03 12:47:37","level":"info","message":"Module provider registered","context":{"module":"Hvac"}}
{"timestamp":"2025-12-03 12:47:37","level":"warning","message":"plugin_entry_undefined","context":{"slug":"green-building-tools"}}
{"timestamp":"2025-12-03 14:37:07","level":"info","message":"Module provider registered","context":{"module":"Civil"}}
{"timestamp":"2025-12-03 14:37:07","level":"info","message":"Module provider registered","context":{"module":"Electrical"}}
{"timestamp":"2025-12-03 14:37:07","level":"info","message":"Module provider registered","context":{"module":"Hvac"}}
{"timestamp":"2025-12-03 14:37:07","level":"warning","message":"plugin_entry_undefined","context":{"slug":"green-building-tools"}}
{"timestamp":"2025-12-03 14:37:24","level":"info","message":"Module provider registered","context":{"module":"Civil"}}
{"timestamp":"2025-12-03 14:37:24","level":"info","message":"Module provider registered","context":{"module":"Electrical"}}
{"timestamp":"2025-12-03 14:37:24","level":"info","message":"Module provider registered","context":{"module":"Hvac"}}
{"timestamp":"2025-12-03 14:37:24","level":"warning","message":"plugin_entry_undefined","context":{"slug":"green-building-tools"}}
{"timestamp":"2025-12-03 14:37:24","level":"error","message":"The use statement with non-compound name 'PDO' has no effect","context":{"type":2,"file":"C:\\laragon\\www\\Bishwo_Calculator\\app\\Services\\PremiumThemeManager.php","line":4}}
{"timestamp":"2025-12-03 14:37:24","level":"error","message":"The use statement with non-compound name 'PDO' has no effect","context":{"type":2,"file":"C:\\laragon\\www\\Bishwo_Calculator\\app\\Services\\PremiumThemeManager.php","line":4}}
{"timestamp":"2025-12-03 14:40:26","level":"info","message":"Module provider registered","context":{"module":"Civil"}}
{"timestamp":"2025-12-03 14:40:26","level":"info","message":"Module provider registered","context":{"module":"Electrical"}}
{"timestamp":"2025-12-03 14:40:26","level":"info","message":"Module provider registered","context":{"module":"Hvac"}}
{"timestamp":"2025-12-03 14:40:26","level":"warning","message":"plugin_entry_undefined","context":{"slug":"green-building-tools"}}
{"timestamp":"2025-12-03 14:45:23","level":"info","message":"Module provider registered","context":{"module":"Civil"}}
{"timestamp":"2025-12-03 14:45:23","level":"info","message":"Module provider registered","context":{"module":"Electrical"}}
{"timestamp":"2025-12-03 14:45:23","level":"info","message":"Module provider registered","context":{"module":"Hvac"}}
{"timestamp":"2025-12-03 14:45:23","level":"warning","message":"plugin_entry_undefined","context":{"slug":"green-building-tools"}}
{"timestamp":"2025-12-03 14:45:23","level":"error","message":"The use statement with non-compound name 'PDO' has no effect","context":{"type":2,"file":"C:\\laragon\\www\\Bishwo_Calculator\\app\\Services\\PremiumThemeManager.php","line":4}}
{"timestamp":"2025-12-03 14:45:23","level":"error","message":"The use statement with non-compound name 'PDO' has no effect","context":{"type":2,"file":"C:\\laragon\\www\\Bishwo_Calculator\\app\\Services\\PremiumThemeManager.php","line":4}}
{"timestamp":"2025-12-03 14:45:27","level":"info","message":"Module provider registered","context":{"module":"Civil"}}
{"timestamp":"2025-12-03 14:45:27","level":"info","message":"Module provider registered","context":{"module":"Electrical"}}
{"timestamp":"2025-12-03 14:45:27","level":"info","message":"Module provider registered","context":{"module":"Hvac"}}
{"timestamp":"2025-12-03 14:45:27","level":"warning","message":"plugin_entry_undefined","context":{"slug":"green-building-tools"}}
{"timestamp":"2025-12-03 14:45:27","level":"error","message":"The use statement with non-compound name 'PDO' has no effect","context":{"type":2,"file":"C:\\laragon\\www\\Bishwo_Calculator\\app\\Services\\PremiumThemeManager.php","line":4}}
{"timestamp":"2025-12-03 14:45:27","level":"error","message":"The use statement with non-compound name 'PDO' has no effect","context":{"type":2,"file":"C:\\laragon\\www\\Bishwo_Calculator\\app\\Services\\PremiumThemeManager.php","line":4}}
{"timestamp":"2025-12-03 14:46:36","level":"info","message":"Module provider registered","context":{"module":"Civil"}}
{"timestamp":"2025-12-03 14:46:36","level":"info","message":"Module provider registered","context":{"module":"Electrical"}}
{"timestamp":"2025-12-03 14:46:36","level":"info","message":"Module provider registered","context":{"module":"Hvac"}}
{"timestamp":"2025-12-03 14:46:36","level":"warning","message":"plugin_entry_undefined","context":{"slug":"green-building-tools"}}
{"timestamp":"2025-12-03 14:46:52","level":"info","message":"Module provider registered","context":{"module":"Civil"}}
{"timestamp":"2025-12-03 14:46:52","level":"info","message":"Module provider registered","context":{"module":"Electrical"}}
{"timestamp":"2025-12-03 14:46:52","level":"info","message":"Module provider registered","context":{"module":"Hvac"}}
{"timestamp":"2025-12-03 14:46:52","level":"warning","message":"plugin_entry_undefined","context":{"slug":"green-building-tools"}}
{"timestamp":"2025-12-03 14:46:54","level":"info","message":"Module provider registered","context":{"module":"Civil"}}
{"timestamp":"2025-12-03 14:46:54","level":"info","message":"Module provider registered","context":{"module":"Electrical"}}
{"timestamp":"2025-12-03 14:46:54","level":"info","message":"Module provider registered","context":{"module":"Hvac"}}
{"timestamp":"2025-12-03 14:46:54","level":"warning","message":"plugin_entry_undefined","context":{"slug":"green-building-tools"}}
{"timestamp":"2025-12-03 14:46:59","level":"info","message":"Module provider registered","context":{"module":"Civil"}}
{"timestamp":"2025-12-03 14:46:59","level":"info","message":"Module provider registered","context":{"module":"Electrical"}}
{"timestamp":"2025-12-03 14:46:59","level":"info","message":"Module provider registered","context":{"module":"Hvac"}}
{"timestamp":"2025-12-03 14:46:59","level":"warning","message":"plugin_entry_undefined","context":{"slug":"green-building-tools"}}
{"timestamp":"2025-12-03 14:47:01","level":"info","message":"Module provider registered","context":{"module":"Civil"}}
{"timestamp":"2025-12-03 14:47:01","level":"info","message":"Module provider registered","context":{"module":"Electrical"}}
{"timestamp":"2025-12-03 14:47:01","level":"info","message":"Module provider registered","context":{"module":"Hvac"}}
{"timestamp":"2025-12-03 14:47:01","level":"warning","message":"plugin_entry_undefined","context":{"slug":"green-building-tools"}}
