[2025-11-20 13:21:47] Auth::login called. Identity: uniquebishwo@gmail.com
[2025-11-20 13:21:47] Session ID: c3bs69hebb8o59ve232c2rv6hm
[2025-11-20 13:21:47] CSRF Check - Posted: 
[2025-11-20 13:21:47] CSRF Check - Session: NOT_SET
[2025-11-20 13:21:47] Auth::login failed: CSRF mismatch or expired. Valid: No, NotExpired: Yes
[2025-11-20 13:25:03] Auth::login called. Identity: uniquebishwo@gmail.com
[2025-11-20 13:25:03] Session ID: d2b2sfrpf9fs8hda9es7hiedqj
[2025-11-20 13:25:03] CSRF Check - Posted: 4eb3d74b63aa35fa029a4063cbaad42b1e64586f55067241dd06e4a484bd4d3a
[2025-11-20 13:25:03] CSRF Check - Session: 4eb3d74b63aa35fa029a4063cbaad42b1e64586f55067241dd06e4a484bd4d3a
[2025-11-20 14:18:25] Auth::login called. Identity: uniquebishwo@gmail.com
[2025-11-20 14:18:25] Session ID: d2b2sfrpf9fs8hda9es7hiedqj
[2025-11-20 14:18:25] CSRF Check - Posted: 4eb3d74b63aa35fa029a4063cbaad42b1e64586f55067241dd06e4a484bd4d3a
[2025-11-20 14:18:25] CSRF Check - Session: 4eb3d74b63aa35fa029a4063cbaad42b1e64586f55067241dd06e4a484bd4d3a
[2025-11-20 14:20:29] Auth::login called. Identity: uniquebishwo@gmail.com
[2025-11-20 14:20:29] Session ID: d2b2sfrpf9fs8hda9es7hiedqj
[2025-11-20 14:20:29] CSRF Check - Posted: 4eb3d74b63aa35fa029a4063cbaad42b1e64586f55067241dd06e4a484bd4d3a
[2025-11-20 14:20:29] CSRF Check - Session: 4eb3d74b63aa35fa029a4063cbaad42b1e64586f55067241dd06e4a484bd4d3a
[2025-11-20 14:20:29] Auth::login called for identity: uniquebishwo@gmail.com
[2025-11-20 14:20:29] Auth::login: User found (ID: )
[2025-11-20 14:20:29] Auth::login failed: Password mismatch
[2025-11-20 14:22:27] Auth::login called. Identity: uniquebishwo@gmail.com
[2025-11-20 14:22:27] Session ID: d2b2sfrpf9fs8hda9es7hiedqj
[2025-11-20 14:22:27] CSRF Check - Posted: 4eb3d74b63aa35fa029a4063cbaad42b1e64586f55067241dd06e4a484bd4d3a
[2025-11-20 14:22:27] CSRF Check - Session: 4eb3d74b63aa35fa029a4063cbaad42b1e64586f55067241dd06e4a484bd4d3a
[2025-11-20 14:22:27] Auth::login called for identity: uniquebishwo@gmail.com
[2025-11-20 14:22:27] Auth::login: User found (ID: 3)
[2025-11-20 14:22:27] Auth::login: Password verified. Setting session.
[2025-11-20 14:26:22] Auth::login called. Identity: uniquebishwo@gmail.com
[2025-11-20 14:26:22] Session ID: lere51ig5264fqb2d8qsoe1rro
[2025-11-20 14:26:22] CSRF Check - Posted: 24d78b147464067f8354f257cea64dfb25c31de6c1d6f61783ac8d1e16d0a380
[2025-11-20 14:26:22] CSRF Check - Session: 24d78b147464067f8354f257cea64dfb25c31de6c1d6f61783ac8d1e16d0a380
[2025-11-20 14:26:22] Auth::login called for identity: uniquebishwo@gmail.com
[2025-11-20 14:26:22] Auth::login: User found (ID: 3)
[2025-11-20 14:26:23] Auth::login: Password verified. Setting session.
[2025-11-20 14:26:53] Auth::login called. Identity: uniquebishwo@gmail.com
[2025-11-20 14:26:53] Session ID: 97sdfdqniq05suhf53ps3brqv6
[2025-11-20 14:26:53] CSRF Check - Posted: 24737179ca31e8531714333ef08db2786cad990505797432b062a3bd98d6e65f
[2025-11-20 14:26:53] CSRF Check - Session: 24737179ca31e8531714333ef08db2786cad990505797432b062a3bd98d6e65f
[2025-11-20 14:26:53] Auth::login called for identity: uniquebishwo@gmail.com
[2025-11-20 14:26:53] Auth::login: User found (ID: 3)
[2025-11-20 14:26:53] Auth::login: Password verified. Setting session.
[2025-11-20 14:28:34] Auth::login called. Identity: uniquebishwo@gmail.com
[2025-11-20 14:28:34] Session ID: ar9bsk8tb3oh0603g6141dn3h9
[2025-11-20 14:28:34] CSRF Check - Posted: 2e99d622d027259c8b31c26802bca2bdc2a7021187330201049fc25ba3c7b734
[2025-11-20 14:28:34] CSRF Check - Session: 2e99d622d027259c8b31c26802bca2bdc2a7021187330201049fc25ba3c7b734
[2025-11-20 14:28:34] Auth::login called for identity: uniquebishwo@gmail.com
[2025-11-20 14:28:34] Auth::login: User found (ID: 3)
[2025-11-20 14:28:34] Auth::login: Password verified. Setting session.
[2025-11-21 12:34:29] Auth::login called. Identity: admin@engicalpro.com
[2025-11-21 12:34:29] Session ID: jl1s0780hi2rhshnjbpoqkh5sn
[2025-11-21 12:34:29] CSRF Check - Posted: 5b1801e25e588441fdea7128385287b9ea73df64846311b786a6ff81697c9faa
[2025-11-21 12:34:29] CSRF Check - Session: NOT_SET
[2025-11-21 12:34:29] Auth::login failed: CSRF mismatch or expired. Valid: No, NotExpired: Yes
[2025-11-21 12:47:50] Auth::login called. Identity: admin@engicalpro.com
[2025-11-21 12:47:50] Session ID: hs7vjiub6sbruqcomer0t5lhkj
[2025-11-21 12:47:50] CSRF Check - Posted: f4b139e69e8e794ed9e267ebe28f8b61c0e34f25da2c57934b14f9ef8a06e558
[2025-11-21 12:47:50] CSRF Check - Session: NOT_SET
[2025-11-21 12:47:50] Auth::login failed: CSRF mismatch or expired. Valid: No, NotExpired: Yes
[2025-11-21 12:48:41] Auth::login called. Identity: admin@engicalpro.com
[2025-11-21 12:48:41] Session ID: hs7vjiub6sbruqcomer0t5lhkj
[2025-11-21 12:48:41] CSRF Check - Posted: 04142fa1f531a5ded5ee5965fbfd01de29bbe88b9a690f5b6decf30cbf0fe68b
[2025-11-21 12:48:41] CSRF Check - Session: 04142fa1f531a5ded5ee5965fbfd01de29bbe88b9a690f5b6decf30cbf0fe68b
[2025-11-21 12:48:41] Auth::login called for identity: admin@engicalpro.com
[2025-11-21 12:48:41] Auth::login: User found (ID: 2)
[2025-11-21 12:48:41] Auth::login: Password verified. Setting session.
