
[34m=== Bishwo Calculator URL Verification ===[0m

[34mStep 1: Authenticating...[0m
[32mΓ£ô Login successful

[0m[34mStep 2: Testing URLs...[0m

[33m--- Public Routes ---[0m
Homepage                                           [32mOK (200)[0m
Login Page                                         [32mOK (200)[0m
Register Page                                      [32mOK (200)[0m

[33m--- Authenticated Routes ---[0m
User Dashboard                                     [34mREDIRECT (302)[0m
User Profile                                       [34mREDIRECT (302)[0m

[33m--- Admin Routes ---[0m
Admin Home                                         [34mREDIRECT (302)[0m
Admin Dashboard                                    [34mREDIRECT (302)[0m
User Management                                    [34mREDIRECT (302)[0m
Create User                                        [34mREDIRECT (302)[0m
User Roles                                         [34mREDIRECT (302)[0m

[33m--- Analytics Routes ---[0m
Analytics Overview                                 [34mREDIRECT (302)[0m
Analytics Overview Alt                             [34mREDIRECT (302)[0m
User Analytics                                     [34mREDIRECT (302)[0m
Calculator Analytics                               [34mREDIRECT (302)[0m

[33m--- Content Management ---[0m
Content Home                                       [34mREDIRECT (302)[0m
Pages Management                                   [34mREDIRECT (302)[0m
Menu Management                                    [34mREDIRECT (302)[0m
Media Management                                   [34mREDIRECT (302)[0m

[33m--- Settings Routes ---[0m
Settings Home                                      [34mREDIRECT (302)[0m
General Settings                                   [34mREDIRECT (302)[0m
Email Settings                                     [34mREDIRECT (302)[0m
Security Settings                                  [34mREDIRECT (302)[0m

[33m--- Modules & Themes ---[0m
Modules Management                                 [34mREDIRECT (302)[0m
Themes Management                                  [34mREDIRECT (302)[0m

[33m--- Debug Tools ---[0m
Debug Dashboard                                    [34mREDIRECT (302)[0m
Error Logs                                         [34mREDIRECT (302)[0m
System Tests                                       [34mREDIRECT (302)[0m
Live Errors                                        [34mREDIRECT (302)[0m

[33m--- System Routes ---[0m
System Status                                      [34mREDIRECT (302)[0m
Activity Log                                       [34mREDIRECT (302)[0m

[34m=== Summary ===[0m
Total URLs tested: 30
[32mOK (200): 3
[0m[34mRedirects (3xx): 27
[0m[32mErrors (4xx/5xx): 0
[0m
