=== PURE VERIFICATION: SYSTEM AUDIT ===

[STEP 1] Linting Modified Files...
   [PASS] app/Controllers/Api/AuthController.php
   [PASS] app/Services/EmailService.php
   [PASS] app/Services/AdvancedCache.php
   [PASS] app/Services/CacheService.php
   [PASS] app/Core/CacheManager.php
   [PASS] app/Models/User.php
   [PASS] app/Controllers/Quiz/ExamEngineController.php
   [PASS] app/Core/Validator.php
   [PASS] app/Services/GamificationService.php
   [PASS] app/Services/SecurityValidator.php
   [PASS] app/Services/Gateways/PayStackService.php
   [PASS] app/Services/InstallerService.php

[STEP 2] Database Schema Audit...
   [PASS] Column 'users.remember_token' exists.
   [PASS] Column 'quiz_lobby_participants.last_answered_index' exists.

[STEP 3] Security Logic Runtime Check...
   [PASS] Validator::sanitize('html') blocked XSS attributes.
   [PASS] SecurityValidator::getClientIp() ignores spoofed headers.

[STEP 4] Cache Singleton Integrity...
   [PASS] AdvancedCache is a strict Singleton.

=== AUDIT COMPLETE ===
