
--- CSRF CHECK 2025-12-07 13:00:07 ---
URI: /Bishwo_Calculator/api/login
Method: POST
Header Token: 5860a7430d148911c861f6a636e286d6b49adc07420d892d810c5112731b8706
Form Token: NULL
Final Token Used: 5860a7430d148911c861f6a636e286d6b49adc07420d892d810c5112731b8706
Session Token: 5860a7430d148911c861f6a636e286d6b49adc07420d892d810c5112731b8706
Session ID: qu1cp37eth30p8iqerm6chsf2g
Match: YES
------------------------

--- CSRF CHECK 2025-12-07 13:00:40 ---
URI: /Bishwo_Calculator/admin/settings/update
Method: POST
Header Token: 5860a7430d148911c861f6a636e286d6b49adc07420d892d810c5112731b8706, 5860a7430d148911c861f6a636e286d6b49adc07420d892d810c5112731b8706
Form Token: 5860a7430d148911c861f6a636e286d6b49adc07420d892d810c5112731b8706
Final Token Used: 5860a7430d148911c861f6a636e286d6b49adc07420d892d810c5112731b8706, 5860a7430d148911c861f6a636e286d6b49adc07420d892d810c5112731b8706
Session Token: 5860a7430d148911c861f6a636e286d6b49adc07420d892d810c5112731b8706
Session ID: 16am4h4dk1usk5f3ffgdo3p1ff
Match: NO
------------------------

--- CSRF CHECK 2025-12-07 13:02:06 ---
URI: /Bishwo_Calculator/admin/settings/update
Method: POST
Header Token: 5860a7430d148911c861f6a636e286d6b49adc07420d892d810c5112731b8706
Form Token: 5860a7430d148911c861f6a636e286d6b49adc07420d892d810c5112731b8706
Final Token Used: 5860a7430d148911c861f6a636e286d6b49adc07420d892d810c5112731b8706
Session Token: 5860a7430d148911c861f6a636e286d6b49adc07420d892d810c5112731b8706
Session ID: 16am4h4dk1usk5f3ffgdo3p1ff
Match: YES
------------------------
